<?xml version="1.0" encoding="UTF-8"?>
<coverage generated="1649449413004" clover="3.2.0">
  <project timestamp="1649449413004" name="All files">
    <metrics statements="399" coveredstatements="369" conditionals="204" coveredconditionals="172" methods="101" coveredmethods="90" elements="704" coveredelements="631" complexity="0" loc="399" ncloc="399" packages="14" files="29" classes="29"/>
    <package name="native-modules">
      <metrics statements="3" coveredstatements="3" conditionals="2" coveredconditionals="1" methods="1" coveredmethods="1"/>
      <file name="InternetConnectionModuleAndroid.ts" path="/Users/noxcontest/Documents/Code/DogsApp/native-modules/InternetConnectionModuleAndroid.ts">
        <metrics statements="3" coveredstatements="3" conditionals="2" coveredconditionals="1" methods="1" coveredmethods="1"/>
        <line num="8" count="4" type="stmt"/>
        <line num="14" count="4" type="stmt"/>
        <line num="16" count="1" type="cond" truecount="1" falsecount="1"/>
      </file>
    </package>
    <package name="src.assets.styles">
      <metrics statements="1" coveredstatements="1" conditionals="0" coveredconditionals="0" methods="0" coveredmethods="0"/>
      <file name="MainStyles.ts" path="/Users/noxcontest/Documents/Code/DogsApp/src/assets/styles/MainStyles.ts">
        <metrics statements="1" coveredstatements="1" conditionals="0" coveredconditionals="0" methods="0" coveredmethods="0"/>
        <line num="3" count="4" type="stmt"/>
      </file>
    </package>
    <package name="src.components">
      <metrics statements="45" coveredstatements="45" conditionals="15" coveredconditionals="15" methods="12" coveredmethods="12"/>
      <file name="CustomStatusBar.tsx" path="/Users/noxcontest/Documents/Code/DogsApp/src/components/CustomStatusBar.tsx">
        <metrics statements="3" coveredstatements="3" conditionals="2" coveredconditionals="2" methods="1" coveredmethods="1"/>
        <line num="9" count="5" type="cond" truecount="2" falsecount="0"/>
        <line num="11" count="5" type="stmt"/>
        <line num="12" count="28" type="stmt"/>
      </file>
      <file name="GoBack.tsx" path="/Users/noxcontest/Documents/Code/DogsApp/src/components/GoBack.tsx">
        <metrics statements="4" coveredstatements="4" conditionals="0" coveredconditionals="0" methods="1" coveredmethods="1"/>
        <line num="7" count="2" type="stmt"/>
        <line num="8" count="11" type="stmt"/>
        <line num="10" count="11" type="stmt"/>
        <line num="24" count="2" type="stmt"/>
      </file>
      <file name="HighlightedWord.tsx" path="/Users/noxcontest/Documents/Code/DogsApp/src/components/HighlightedWord.tsx">
        <metrics statements="5" coveredstatements="5" conditionals="6" coveredconditionals="6" methods="3" coveredmethods="3"/>
        <line num="11" count="1" type="stmt"/>
        <line num="17" count="3" type="stmt"/>
        <line num="19" count="10" type="stmt"/>
        <line num="21" count="3" type="stmt"/>
        <line num="25" count="8" type="cond" truecount="2" falsecount="0"/>
      </file>
      <file name="Loading.tsx" path="/Users/noxcontest/Documents/Code/DogsApp/src/components/Loading.tsx">
        <metrics statements="3" coveredstatements="3" conditionals="2" coveredconditionals="2" methods="1" coveredmethods="1"/>
        <line num="16" count="3" type="cond" truecount="2" falsecount="0"/>
        <line num="17" count="8" type="stmt"/>
        <line num="26" count="3" type="stmt"/>
      </file>
      <file name="Notifications.tsx" path="/Users/noxcontest/Documents/Code/DogsApp/src/components/Notifications.tsx">
        <metrics statements="30" coveredstatements="30" conditionals="5" coveredconditionals="5" methods="6" coveredmethods="6"/>
        <line num="28" count="2" type="stmt"/>
        <line num="30" count="2" type="stmt"/>
        <line num="31" count="8" type="stmt"/>
        <line num="32" count="8" type="stmt"/>
        <line num="33" count="8" type="stmt"/>
        <line num="34" count="8" type="stmt"/>
        <line num="36" count="8" type="stmt"/>
        <line num="37" count="8" type="stmt"/>
        <line num="39" count="8" type="stmt"/>
        <line num="40" count="8" type="stmt"/>
        <line num="42" count="8" type="stmt"/>
        <line num="60" count="8" type="stmt"/>
        <line num="65" count="8" type="stmt"/>
        <line num="67" count="4" type="stmt"/>
        <line num="69" count="4" type="cond" truecount="4" falsecount="0"/>
        <line num="70" count="3" type="stmt"/>
        <line num="72" count="3" type="stmt"/>
        <line num="74" count="3" type="stmt"/>
        <line num="75" count="3" type="stmt"/>
        <line num="76" count="3" type="stmt"/>
        <line num="78" count="3" type="stmt"/>
        <line num="79" count="3" type="stmt"/>
        <line num="81" count="3" type="stmt"/>
        <line num="84" count="4" type="stmt"/>
        <line num="87" count="3" type="stmt"/>
        <line num="89" count="3" type="stmt"/>
        <line num="91" count="3" type="stmt"/>
        <line num="95" count="8" type="stmt"/>
        <line num="99" count="1" type="stmt"/>
        <line num="117" count="2" type="stmt"/>
      </file>
    </package>
    <package name="src.components.bottomSheets">
      <metrics statements="27" coveredstatements="26" conditionals="6" coveredconditionals="4" methods="14" coveredmethods="13"/>
      <file name="ShareToBottomSheet.tsx" path="/Users/noxcontest/Documents/Code/DogsApp/src/components/bottomSheets/ShareToBottomSheet.tsx">
        <metrics statements="27" coveredstatements="26" conditionals="6" coveredconditionals="4" methods="14" coveredmethods="13"/>
        <line num="23" count="2" type="stmt"/>
        <line num="24" count="2" type="stmt"/>
        <line num="25" count="2" type="stmt"/>
        <line num="76" count="2" type="stmt"/>
        <line num="77" count="7" type="stmt"/>
        <line num="78" count="1" type="stmt"/>
        <line num="79" count="1" type="stmt"/>
        <line num="82" count="7" type="stmt"/>
        <line num="87" count="1" type="stmt"/>
        <line num="102" count="42" type="stmt"/>
        <line num="103" count="35" type="stmt"/>
        <line num="106" count="42" type="stmt"/>
        <line num="109" count="1" type="stmt"/>
        <line num="129" count="2" type="stmt"/>
        <line num="130" count="7" type="stmt"/>
        <line num="131" count="7" type="stmt"/>
        <line num="133" count="7" type="stmt"/>
        <line num="135" count="12" type="stmt"/>
        <line num="139" count="12" type="stmt"/>
        <line num="152" count="7" type="stmt"/>
        <line num="154" count="3" type="cond" truecount="1" falsecount="1"/>
        <line num="155" count="3" type="stmt"/>
        <line num="157" count="3" type="stmt"/>
        <line num="158" count="3" type="stmt"/>
        <line num="162" count="7" type="stmt"/>
        <line num="176" count="0" type="stmt"/>
        <line num="186" count="2" type="stmt"/>
      </file>
    </package>
    <package name="src.components.buttons">
      <metrics statements="21" coveredstatements="21" conditionals="16" coveredconditionals="15" methods="7" coveredmethods="7"/>
      <file name="ClearTextButton.tsx" path="/Users/noxcontest/Documents/Code/DogsApp/src/components/buttons/ClearTextButton.tsx">
        <metrics statements="7" coveredstatements="7" conditionals="4" coveredconditionals="3" methods="2" coveredmethods="2"/>
        <line num="7" count="1" type="stmt"/>
        <line num="13" count="1" type="stmt"/>
        <line num="14" count="4" type="stmt"/>
        <line num="15" count="1" type="cond" truecount="3" falsecount="1"/>
        <line num="16" count="1" type="stmt"/>
        <line num="20" count="4" type="stmt"/>
        <line num="36" count="1" type="stmt"/>
      </file>
      <file name="DefaultButton.tsx" path="/Users/noxcontest/Documents/Code/DogsApp/src/components/buttons/DefaultButton.tsx">
        <metrics statements="3" coveredstatements="3" conditionals="4" coveredconditionals="4" methods="1" coveredmethods="1"/>
        <line num="18" count="5" type="stmt"/>
        <line num="19" count="35" type="stmt"/>
        <line num="37" count="5" type="stmt"/>
      </file>
      <file name="FakeInputButton.tsx" path="/Users/noxcontest/Documents/Code/DogsApp/src/components/buttons/FakeInputButton.tsx">
        <metrics statements="6" coveredstatements="6" conditionals="4" coveredconditionals="4" methods="2" coveredmethods="2"/>
        <line num="9" count="2" type="stmt"/>
        <line num="10" count="17" type="stmt"/>
        <line num="11" count="3" type="cond" truecount="4" falsecount="0"/>
        <line num="12" count="2" type="stmt"/>
        <line num="16" count="17" type="stmt"/>
        <line num="25" count="2" type="stmt"/>
      </file>
      <file name="ShareButton.tsx" path="/Users/noxcontest/Documents/Code/DogsApp/src/components/buttons/ShareButton.tsx">
        <metrics statements="5" coveredstatements="5" conditionals="4" coveredconditionals="4" methods="2" coveredmethods="2"/>
        <line num="10" count="3" type="stmt"/>
        <line num="11" count="16" type="stmt"/>
        <line num="12" count="2" type="cond" truecount="4" falsecount="0"/>
        <line num="13" count="1" type="stmt"/>
        <line num="17" count="16" type="stmt"/>
      </file>
    </package>
    <package name="src.components.inputs">
      <metrics statements="5" coveredstatements="5" conditionals="9" coveredconditionals="9" methods="1" coveredmethods="1"/>
      <file name="SearchInput.tsx" path="/Users/noxcontest/Documents/Code/DogsApp/src/components/inputs/SearchInput.tsx">
        <metrics statements="5" coveredstatements="5" conditionals="9" coveredconditionals="9" methods="1" coveredmethods="1"/>
        <line num="14" count="2" type="stmt"/>
        <line num="16" count="2" type="stmt"/>
        <line num="23" count="17" type="cond" truecount="2" falsecount="0"/>
        <line num="25" count="17" type="stmt"/>
        <line num="62" count="2" type="stmt"/>
      </file>
    </package>
    <package name="src.components.lists">
      <metrics statements="66" coveredstatements="65" conditionals="56" coveredconditionals="52" methods="17" coveredmethods="15"/>
      <file name="DogImageListItem.tsx" path="/Users/noxcontest/Documents/Code/DogsApp/src/components/lists/DogImageListItem.tsx">
        <metrics statements="38" coveredstatements="37" conditionals="16" coveredconditionals="14" methods="10" coveredmethods="8"/>
        <line num="30" count="4" type="stmt"/>
        <line num="31" count="4" type="stmt"/>
        <line num="32" count="4" type="stmt"/>
        <line num="33" count="4" type="stmt"/>
        <line num="35" count="4" type="stmt"/>
        <line num="36" count="3" type="cond" truecount="2" falsecount="0"/>
        <line num="39" count="4" type="stmt"/>
        <line num="40" count="48" type="stmt"/>
        <line num="41" count="48" type="stmt"/>
        <line num="42" count="48" type="stmt"/>
        <line num="44" count="48" type="stmt"/>
        <line num="46" count="48" type="stmt"/>
        <line num="48" count="48" type="stmt"/>
        <line num="49" count="122" type="stmt"/>
        <line num="54" count="122" type="stmt"/>
        <line num="59" count="122" type="cond" truecount="2" falsecount="0"/>
        <line num="62" count="48" type="stmt"/>
        <line num="64" count="48" type="stmt"/>
        <line num="65" count="1" type="stmt"/>
        <line num="66" count="1" type="stmt"/>
        <line num="71" count="1" type="stmt"/>
        <line num="74" count="1" type="stmt"/>
        <line num="75" count="1" type="stmt"/>
        <line num="77" count="1" type="stmt"/>
        <line num="78" count="1" type="stmt"/>
        <line num="80" count="1" type="cond" truecount="1" falsecount="1"/>
        <line num="81" count="1" type="stmt"/>
        <line num="84" count="1" type="stmt"/>
        <line num="87" count="0" type="stmt"/>
        <line num="92" count="48" type="stmt"/>
        <line num="93" count="42" type="stmt"/>
        <line num="95" count="42" type="stmt"/>
        <line num="96" count="5" type="cond" truecount="1" falsecount="1"/>
        <line num="97" count="5" type="stmt"/>
        <line num="101" count="42" type="stmt"/>
        <line num="102" count="36" type="stmt"/>
        <line num="106" count="48" type="cond" truecount="4" falsecount="0"/>
        <line num="149" count="4" type="stmt"/>
      </file>
      <file name="EmptyList.tsx" path="/Users/noxcontest/Documents/Code/DogsApp/src/components/lists/EmptyList.tsx">
        <metrics statements="3" coveredstatements="3" conditionals="6" coveredconditionals="6" methods="1" coveredmethods="1"/>
        <line num="11" count="2" type="stmt"/>
        <line num="12" count="3" type="stmt"/>
        <line num="29" count="2" type="stmt"/>
      </file>
      <file name="GalleryList.tsx" path="/Users/noxcontest/Documents/Code/DogsApp/src/components/lists/GalleryList.tsx">
        <metrics statements="23" coveredstatements="23" conditionals="34" coveredconditionals="32" methods="5" coveredmethods="5"/>
        <line num="26" count="3" type="stmt"/>
        <line num="30" count="9" type="cond" truecount="2" falsecount="0"/>
        <line num="31" count="1" type="cond" truecount="1" falsecount="1"/>
        <line num="41" count="8" type="cond" truecount="1" falsecount="1"/>
        <line num="53" count="3" type="stmt"/>
        <line num="63" count="28" type="stmt"/>
        <line num="65" count="28" type="stmt"/>
        <line num="66" count="14" type="cond" truecount="4" falsecount="0"/>
        <line num="67" count="13" type="cond" truecount="4" falsecount="0"/>
        <line num="68" count="2" type="stmt"/>
        <line num="70" count="11" type="stmt"/>
        <line num="77" count="28" type="cond" truecount="4" falsecount="0"/>
        <line num="79" count="28" type="cond" truecount="4" falsecount="0"/>
        <line num="80" count="28" type="stmt"/>
        <line num="87" count="28" type="cond" truecount="2" falsecount="0"/>
        <line num="91" count="28" type="cond" truecount="4" falsecount="0"/>
        <line num="94" count="9" type="stmt"/>
        <line num="97" count="28" type="cond" truecount="2" falsecount="0"/>
        <line num="100" count="28" type="stmt"/>
        <line num="106" count="28" type="stmt"/>
        <line num="118" count="40" type="stmt"/>
        <line num="123" count="28" type="cond" truecount="2" falsecount="0"/>
        <line num="132" count="3" type="stmt"/>
      </file>
      <file name="helpers.tsx" path="/Users/noxcontest/Documents/Code/DogsApp/src/components/lists/helpers.tsx">
        <metrics statements="2" coveredstatements="2" conditionals="0" coveredconditionals="0" methods="1" coveredmethods="1"/>
        <line num="4" count="3" type="stmt"/>
        <line num="5" count="40" type="stmt"/>
      </file>
    </package>
    <package name="src.layouts.Catalog">
      <metrics statements="31" coveredstatements="30" conditionals="8" coveredconditionals="8" methods="9" coveredmethods="8"/>
      <file name="BookmarksScreen.tsx" path="/Users/noxcontest/Documents/Code/DogsApp/src/layouts/Catalog/BookmarksScreen.tsx">
        <metrics statements="8" coveredstatements="7" conditionals="0" coveredconditionals="0" methods="3" coveredmethods="2"/>
        <line num="25" count="1" type="stmt"/>
        <line num="26" count="2" type="stmt"/>
        <line num="27" count="2" type="stmt"/>
        <line num="29" count="6" type="stmt"/>
        <line num="43" count="2" type="stmt"/>
        <line num="44" count="0" type="stmt"/>
        <line num="47" count="2" type="stmt"/>
        <line num="83" count="1" type="stmt"/>
      </file>
      <file name="CatalogScreen.tsx" path="/Users/noxcontest/Documents/Code/DogsApp/src/layouts/Catalog/CatalogScreen.tsx">
        <metrics statements="23" coveredstatements="23" conditionals="8" coveredconditionals="8" methods="6" coveredmethods="6"/>
        <line num="22" count="1" type="stmt"/>
        <line num="23" count="14" type="stmt"/>
        <line num="25" count="14" type="stmt"/>
        <line num="26" count="14" type="stmt"/>
        <line num="27" count="14" type="stmt"/>
        <line num="29" count="14" type="stmt"/>
        <line num="31" count="14" type="stmt"/>
        <line num="32" count="9" type="stmt"/>
        <line num="35" count="14" type="stmt"/>
        <line num="36" count="9" type="cond" truecount="2" falsecount="0"/>
        <line num="37" count="4" type="stmt"/>
        <line num="38" count="4" type="stmt"/>
        <line num="42" count="14" type="stmt"/>
        <line num="43" count="2" type="cond" truecount="2" falsecount="0"/>
        <line num="44" count="1" type="stmt"/>
        <line num="46" count="1" type="stmt"/>
        <line num="50" count="14" type="stmt"/>
        <line num="51" count="1" type="stmt"/>
        <line num="54" count="14" type="stmt"/>
        <line num="55" count="1" type="stmt"/>
        <line num="56" count="1" type="stmt"/>
        <line num="59" count="14" type="stmt"/>
        <line num="97" count="1" type="stmt"/>
      </file>
    </package>
    <package name="src.layouts.Gallery">
      <metrics statements="42" coveredstatements="31" conditionals="20" coveredconditionals="9" methods="10" coveredmethods="7"/>
      <file name="GalleryModal.tsx" path="/Users/noxcontest/Documents/Code/DogsApp/src/layouts/Gallery/GalleryModal.tsx">
        <metrics statements="42" coveredstatements="31" conditionals="20" coveredconditionals="9" methods="10" coveredmethods="7"/>
        <line num="25" count="1" type="stmt"/>
        <line num="26" count="1" type="stmt"/>
        <line num="28" count="1" type="cond" truecount="1" falsecount="1"/>
        <line num="30" count="1" type="stmt"/>
        <line num="31" count="9" type="stmt"/>
        <line num="33" count="9" type="stmt"/>
        <line num="34" count="9" type="stmt"/>
        <line num="39" count="9" type="stmt"/>
        <line num="40" count="1" type="stmt"/>
        <line num="41" count="1" type="stmt"/>
        <line num="42" count="1" type="stmt"/>
        <line num="44" count="1" type="stmt"/>
        <line num="46" count="0" type="stmt"/>
        <line num="50" count="9" type="stmt"/>
        <line num="51" count="9" type="stmt"/>
        <line num="53" count="9" type="stmt"/>
        <line num="56" count="0" type="stmt"/>
        <line num="59" count="0" type="stmt"/>
        <line num="61" count="0" type="cond" truecount="0" falsecount="2"/>
        <line num="62" count="0" type="stmt"/>
        <line num="64" count="0" type="cond" truecount="0" falsecount="2"/>
        <line num="65" count="0" type="stmt"/>
        <line num="67" count="0" type="stmt"/>
        <line num="72" count="0" type="cond" truecount="0" falsecount="2"/>
        <line num="73" count="0" type="stmt"/>
        <line num="75" count="0" type="stmt"/>
        <line num="82" count="9" type="stmt"/>
        <line num="83" count="12" type="stmt"/>
        <line num="94" count="9" type="stmt"/>
        <line num="95" count="12" type="stmt"/>
        <line num="110" count="9" type="stmt"/>
        <line num="111" count="12" type="stmt"/>
        <line num="126" count="9" type="stmt"/>
        <line num="127" count="4" type="stmt"/>
        <line num="129" count="4" type="cond" truecount="4" falsecount="0"/>
        <line num="130" count="1" type="stmt"/>
        <line num="133" count="4" type="stmt"/>
        <line num="134" count="3" type="stmt"/>
        <line num="135" count="3" type="stmt"/>
        <line num="136" count="3" type="stmt"/>
        <line num="140" count="9" type="stmt"/>
        <line num="199" count="1" type="stmt"/>
      </file>
    </package>
    <package name="src.layouts.Gallery.Components">
      <metrics statements="16" coveredstatements="16" conditionals="4" coveredconditionals="4" methods="4" coveredmethods="4"/>
      <file name="ListHeader.tsx" path="/Users/noxcontest/Documents/Code/DogsApp/src/layouts/Gallery/Components/ListHeader.tsx">
        <metrics statements="7" coveredstatements="7" conditionals="4" coveredconditionals="4" methods="2" coveredmethods="2"/>
        <line num="17" count="2" type="stmt"/>
        <line num="18" count="13" type="stmt"/>
        <line num="19" count="13" type="stmt"/>
        <line num="21" count="13" type="stmt"/>
        <line num="23" count="13" type="stmt"/>
        <line num="25" count="13" type="stmt"/>
        <line num="47" count="2" type="stmt"/>
      </file>
      <file name="SeeMore.tsx" path="/Users/noxcontest/Documents/Code/DogsApp/src/layouts/Gallery/Components/SeeMore.tsx">
        <metrics statements="9" coveredstatements="9" conditionals="0" coveredconditionals="0" methods="2" coveredmethods="2"/>
        <line num="15" count="2" type="stmt"/>
        <line num="16" count="2" type="stmt"/>
        <line num="18" count="2" type="stmt"/>
        <line num="22" count="2" type="stmt"/>
        <line num="23" count="1" type="stmt"/>
        <line num="24" count="1" type="stmt"/>
        <line num="30" count="1" type="stmt"/>
        <line num="33" count="2" type="stmt"/>
        <line num="42" count="2" type="stmt"/>
      </file>
    </package>
    <package name="src.redux">
      <metrics statements="1" coveredstatements="1" conditionals="0" coveredconditionals="0" methods="1" coveredmethods="0"/>
      <file name="rootSelector.ts" path="/Users/noxcontest/Documents/Code/DogsApp/src/redux/rootSelector.ts">
        <metrics statements="1" coveredstatements="1" conditionals="0" coveredconditionals="0" methods="1" coveredmethods="0"/>
        <line num="3" count="5" type="stmt"/>
      </file>
    </package>
    <package name="src.redux.actions">
      <metrics statements="5" coveredstatements="5" conditionals="1" coveredconditionals="1" methods="4" coveredmethods="3"/>
      <file name="listActions.ts" path="/Users/noxcontest/Documents/Code/DogsApp/src/redux/actions/listActions.ts">
        <metrics statements="5" coveredstatements="5" conditionals="1" coveredconditionals="1" methods="4" coveredmethods="3"/>
        <line num="3" count="6" type="stmt"/>
        <line num="8" count="16" type="stmt"/>
        <line num="13" count="6" type="stmt"/>
        <line num="18" count="6" type="stmt"/>
        <line num="23" count="6" type="stmt"/>
      </file>
    </package>
    <package name="src.redux.types">
      <metrics statements="0" coveredstatements="0" conditionals="0" coveredconditionals="0" methods="0" coveredmethods="0"/>
      <file name="listTypes.ts" path="/Users/noxcontest/Documents/Code/DogsApp/src/redux/types/listTypes.ts">
        <metrics statements="0" coveredstatements="0" conditionals="0" coveredconditionals="0" methods="0" coveredmethods="0"/>
      </file>
    </package>
    <package name="src.utils">
      <metrics statements="136" coveredstatements="120" conditionals="67" coveredconditionals="54" methods="21" coveredmethods="19"/>
      <file name="constants.ts" path="/Users/noxcontest/Documents/Code/DogsApp/src/utils/constants.ts">
        <metrics statements="8" coveredstatements="8" conditionals="0" coveredconditionals="0" methods="0" coveredmethods="0"/>
        <line num="6" count="15" type="stmt"/>
        <line num="17" count="15" type="stmt"/>
        <line num="26" count="15" type="stmt"/>
        <line num="28" count="15" type="stmt"/>
        <line num="30" count="15" type="stmt"/>
        <line num="34" count="15" type="stmt"/>
        <line num="42" count="15" type="stmt"/>
        <line num="57" count="15" type="stmt"/>
      </file>
      <file name="functions.ts" path="/Users/noxcontest/Documents/Code/DogsApp/src/utils/functions.ts">
        <metrics statements="116" coveredstatements="107" conditionals="63" coveredconditionals="54" methods="19" coveredmethods="18"/>
        <line num="17" count="9" type="stmt"/>
        <line num="18" count="3" type="cond" truecount="2" falsecount="0"/>
        <line num="19" count="1" type="stmt"/>
        <line num="21" count="2" type="stmt"/>
        <line num="22" count="7" type="stmt"/>
        <line num="23" count="2" type="stmt"/>
        <line num="25" count="2" type="stmt"/>
        <line num="26" count="7" type="cond" truecount="2" falsecount="0"/>
        <line num="27" count="2" type="stmt"/>
        <line num="29" count="5" type="cond" truecount="2" falsecount="0"/>
        <line num="30" count="2" type="stmt"/>
        <line num="32" count="3" type="stmt"/>
        <line num="33" count="10" type="stmt"/>
        <line num="34" count="6" type="stmt"/>
        <line num="36" count="3" type="stmt"/>
        <line num="38" count="3" type="stmt"/>
        <line num="43" count="2" type="stmt"/>
        <line num="54" count="9" type="stmt"/>
        <line num="55" count="4" type="stmt"/>
        <line num="56" count="4" type="stmt"/>
        <line num="59" count="6" type="stmt"/>
        <line num="61" count="4" type="cond" truecount="2" falsecount="0"/>
        <line num="66" count="2" type="stmt"/>
        <line num="67" count="2" type="stmt"/>
        <line num="69" count="2" type="cond" truecount="1" falsecount="1"/>
        <line num="72" count="2" type="stmt"/>
        <line num="73" count="15" type="stmt"/>
        <line num="76" count="2" type="cond" truecount="1" falsecount="3"/>
        <line num="86" count="9" type="stmt"/>
        <line num="87" count="103" type="cond" truecount="4" falsecount="0"/>
        <line num="89" count="97" type="stmt"/>
        <line num="90" count="97" type="stmt"/>
        <line num="92" count="97" type="stmt"/>
        <line num="101" count="9" type="stmt"/>
        <line num="102" count="19" type="cond" truecount="4" falsecount="0"/>
        <line num="104" count="17" type="stmt"/>
        <line num="105" count="17" type="stmt"/>
        <line num="107" count="17" type="cond" truecount="2" falsecount="0"/>
        <line num="108" count="3" type="stmt"/>
        <line num="111" count="17" type="stmt"/>
        <line num="112" count="17" type="cond" truecount="2" falsecount="0"/>
        <line num="113" count="1" type="stmt"/>
        <line num="115" count="16" type="stmt"/>
        <line num="125" count="9" type="stmt"/>
        <line num="126" count="5" type="stmt"/>
        <line num="127" count="5" type="stmt"/>
        <line num="129" count="5" type="cond" truecount="2" falsecount="0"/>
        <line num="130" count="2" type="stmt"/>
        <line num="134" count="2" type="stmt"/>
        <line num="136" count="2" type="stmt"/>
        <line num="139" count="5" type="stmt"/>
        <line num="146" count="5" type="stmt"/>
        <line num="147" count="0" type="stmt"/>
        <line num="150" count="0" type="stmt"/>
        <line num="151" count="0" type="stmt"/>
        <line num="161" count="9" type="stmt"/>
        <line num="162" count="12" type="cond" truecount="5" falsecount="0"/>
        <line num="163" count="2" type="stmt"/>
        <line num="165" count="10" type="stmt"/>
        <line num="167" count="10" type="stmt"/>
        <line num="168" count="10" type="stmt"/>
        <line num="169" count="10" type="stmt"/>
        <line num="171" count="10" type="stmt"/>
        <line num="172" count="10" type="cond" truecount="7" falsecount="0"/>
        <line num="174" count="1" type="stmt"/>
        <line num="175" count="1" type="stmt"/>
        <line num="176" count="1" type="stmt"/>
        <line num="179" count="2" type="stmt"/>
        <line num="180" count="2" type="stmt"/>
        <line num="182" count="2" type="cond" truecount="2" falsecount="0"/>
        <line num="183" count="1" type="stmt"/>
        <line num="184" count="1" type="stmt"/>
        <line num="187" count="1" type="stmt"/>
        <line num="189" count="2" type="stmt"/>
        <line num="192" count="2" type="stmt"/>
        <line num="196" count="2" type="stmt"/>
        <line num="197" count="1" type="stmt"/>
        <line num="202" count="2" type="stmt"/>
        <line num="206" count="1" type="stmt"/>
        <line num="207" count="1" type="stmt"/>
        <line num="211" count="1" type="stmt"/>
        <line num="212" count="1" type="stmt"/>
        <line num="216" count="2" type="stmt"/>
        <line num="217" count="2" type="stmt"/>
        <line num="220" count="1" type="stmt"/>
        <line num="223" count="10" type="stmt"/>
        <line num="225" count="0" type="stmt"/>
        <line num="236" count="9" type="stmt"/>
        <line num="237" count="5" type="cond" truecount="4" falsecount="1"/>
        <line num="238" count="5" type="stmt"/>
        <line num="240" count="0" type="stmt"/>
        <line num="250" count="9" type="stmt"/>
        <line num="251" count="5" type="cond" truecount="5" falsecount="0"/>
        <line num="252" count="2" type="stmt"/>
        <line num="254" count="3" type="stmt"/>
        <line num="256" count="3" type="cond" truecount="2" falsecount="0"/>
        <line num="257" count="1" type="stmt"/>
        <line num="259" count="2" type="stmt"/>
        <line num="260" count="2" type="stmt"/>
        <line num="262" count="2" type="stmt"/>
        <line num="273" count="9" type="cond" truecount="0" falsecount="1"/>
        <line num="274" count="39" type="stmt"/>
        <line num="276" count="39" type="stmt"/>
        <line num="277" count="39" type="cond" truecount="1" falsecount="1"/>
        <line num="281" count="39" type="stmt"/>
        <line num="282" count="39" type="stmt"/>
        <line num="285" count="39" type="cond" truecount="2" falsecount="0"/>
        <line num="286" count="38" type="stmt"/>
        <line num="291" count="0" type="cond" truecount="0" falsecount="2"/>
        <line num="292" count="0" type="stmt"/>
        <line num="295" count="0" type="stmt"/>
        <line num="296" count="0" type="stmt"/>
        <line num="299" count="1" type="stmt"/>
        <line num="302" count="38" type="stmt"/>
        <line num="303" count="38" type="stmt"/>
        <line num="308" count="52" type="stmt"/>
      </file>
      <file name="tinyUrlHelper.ts" path="/Users/noxcontest/Documents/Code/DogsApp/src/utils/tinyUrlHelper.ts">
        <metrics statements="12" coveredstatements="5" conditionals="4" coveredconditionals="0" methods="2" coveredmethods="1"/>
        <line num="4" count="9" type="stmt"/>
        <line num="6" count="9" type="stmt"/>
        <line num="7" count="9" type="stmt"/>
        <line num="9" count="9" type="stmt"/>
        <line num="10" count="10" type="stmt"/>
        <line num="11" count="0" type="stmt"/>
        <line num="13" count="0" type="cond" truecount="0" falsecount="4"/>
        <line num="14" count="0" type="stmt"/>
        <line num="16" count="0" type="stmt"/>
        <line num="18" count="0" type="stmt"/>
        <line num="24" count="0" type="stmt"/>
        <line num="27" count="0" type="stmt"/>
      </file>
      <file name="types.ts" path="/Users/noxcontest/Documents/Code/DogsApp/src/utils/types.ts">
        <metrics statements="0" coveredstatements="0" conditionals="0" coveredconditionals="0" methods="0" coveredmethods="0"/>
      </file>
    </package>
  </project>
</coverage>
