{"/Users/noxcontest/Documents/Code/DogsApp/src/components/CustomStatusBar.tsx": {"path":"/Users/noxcontest/Documents/Code/DogsApp/src/components/CustomStatusBar.tsx","statementMap":{"0":{"start":{"line":14,"column":22},"end":{"line":14,"column":53}},"1":{"start":{"line":16,"column":24},"end":{"line":22,"column":1}},"2":{"start":{"line":17,"column":2},"end":{"line":21,"column":4}}},"fnMap":{"0":{"name":"(anonymous_0)","decl":{"start":{"line":16,"column":24},"end":{"line":16,"column":25}},"loc":{"start":{"line":16,"column":64},"end":{"line":22,"column":1}},"line":16}},"branchMap":{"0":{"loc":{"start":{"line":14,"column":22},"end":{"line":14,"column":53}},"type":"cond-expr","locations":[{"start":{"line":14,"column":46},"end":{"line":14,"column":48}},{"start":{"line":14,"column":51},"end":{"line":14,"column":53}}],"line":14}},"s":{"0":1,"1":1,"2":2},"f":{"0":2},"b":{"0":[1,0]},"_coverageSchema":"1a1c01bbd47fc00a2c39e90264f33305004495a9","hash":"3f2e2101343bf2358f9b80e2196e95e4b6494595"}
}
