{"/Users/noxcontest/Documents/Code/DogsApp/native-modules/InternetConnectionModuleAndroid.ts": {"path":"/Users/noxcontest/Documents/Code/DogsApp/native-modules/InternetConnectionModuleAndroid.ts","statementMap":{"0":{"start":{"line":8,"column":35},"end":{"line":8,"column":48}},"1":{"start":{"line":14,"column":31},"end":{"line":17,"column":1}},"2":{"start":{"line":16,"column":2},"end":{"line":16,"column":79}}},"fnMap":{"0":{"name":"(anonymous_0)","decl":{"start":{"line":14,"column":31},"end":{"line":14,"column":32}},"loc":{"start":{"line":14,"column":61},"end":{"line":17,"column":1}},"line":14}},"branchMap":{"0":{"loc":{"start":{"line":16,"column":9},"end":{"line":16,"column":78}},"type":"cond-expr","locations":[{"start":{"line":16,"column":23},"end":{"line":16,"column":71}},{"start":{"line":16,"column":74},"end":{"line":16,"column":78}}],"line":16}},"s":{"0":4,"1":4,"2":1},"f":{"0":1},"b":{"0":[0,1]},"_coverageSchema":"1a1c01bbd47fc00a2c39e90264f33305004495a9","hash":"9334ac742b7bacd309a0a29216e465b6aea0100c"}
,"/Users/noxcontest/Documents/Code/DogsApp/src/assets/styles/MainStyles.ts": {"path":"/Users/noxcontest/Documents/Code/DogsApp/src/assets/styles/MainStyles.ts","statementMap":{"0":{"start":{"line":3,"column":26},"end":{"line":12,"column":2}}},"fnMap":{},"branchMap":{},"s":{"0":4},"f":{},"b":{},"_coverageSchema":"1a1c01bbd47fc00a2c39e90264f33305004495a9","hash":"035c638cd4331b7926d92f9afe1524ca245608d3"}
,"/Users/noxcontest/Documents/Code/DogsApp/src/components/CustomStatusBar.tsx": {"path":"/Users/noxcontest/Documents/Code/DogsApp/src/components/CustomStatusBar.tsx","statementMap":{"0":{"start":{"line":9,"column":22},"end":{"line":9,"column":43}},"1":{"start":{"line":11,"column":24},"end":{"line":17,"column":1}},"2":{"start":{"line":12,"column":2},"end":{"line":16,"column":4}}},"fnMap":{"0":{"name":"(anonymous_0)","decl":{"start":{"line":11,"column":24},"end":{"line":11,"column":25}},"loc":{"start":{"line":11,"column":64},"end":{"line":17,"column":1}},"line":11}},"branchMap":{"0":{"loc":{"start":{"line":9,"column":22},"end":{"line":9,"column":43}},"type":"cond-expr","locations":[{"start":{"line":9,"column":36},"end":{"line":9,"column":38}},{"start":{"line":9,"column":41},"end":{"line":9,"column":43}}],"line":9}},"s":{"0":5,"1":5,"2":28},"f":{"0":28},"b":{"0":[1,4]},"_coverageSchema":"1a1c01bbd47fc00a2c39e90264f33305004495a9","hash":"49d4d50d8518491df6ed3d0941e6d58078311883"}
,"/Users/noxcontest/Documents/Code/DogsApp/src/components/GoBack.tsx": {"path":"/Users/noxcontest/Documents/Code/DogsApp/src/components/GoBack.tsx","statementMap":{"0":{"start":{"line":7,"column":15},"end":{"line":22,"column":1}},"1":{"start":{"line":8,"column":19},"end":{"line":8,"column":34}},"2":{"start":{"line":10,"column":2},"end":{"line":21,"column":4}},"3":{"start":{"line":24,"column":15},"end":{"line":38,"column":2}}},"fnMap":{"0":{"name":"(anonymous_0)","decl":{"start":{"line":7,"column":15},"end":{"line":7,"column":16}},"loc":{"start":{"line":7,"column":21},"end":{"line":22,"column":1}},"line":7}},"branchMap":{},"s":{"0":2,"1":11,"2":11,"3":2},"f":{"0":11},"b":{},"_coverageSchema":"1a1c01bbd47fc00a2c39e90264f33305004495a9","hash":"aacae2cab396d895b606d2ccf2b325ec24d410ee"}
,"/Users/noxcontest/Documents/Code/DogsApp/src/components/HighlightedWord.tsx": {"path":"/Users/noxcontest/Documents/Code/DogsApp/src/components/HighlightedWord.tsx","statementMap":{"0":{"start":{"line":11,"column":24},"end":{"line":39,"column":1}},"1":{"start":{"line":17,"column":16},"end":{"line":19,"column":26}},"2":{"start":{"line":19,"column":17},"end":{"line":19,"column":25}},"3":{"start":{"line":21,"column":2},"end":{"line":38,"column":4}},"4":{"start":{"line":25,"column":10},"end":{"line":34,"column":11}}},"fnMap":{"0":{"name":"(anonymous_0)","decl":{"start":{"line":11,"column":24},"end":{"line":11,"column":25}},"loc":{"start":{"line":16,"column":13},"end":{"line":39,"column":1}},"line":16},"1":{"name":"(anonymous_1)","decl":{"start":{"line":19,"column":12},"end":{"line":19,"column":13}},"loc":{"start":{"line":19,"column":17},"end":{"line":19,"column":25}},"line":19},"2":{"name":"(anonymous_2)","decl":{"start":{"line":24,"column":19},"end":{"line":24,"column":20}},"loc":{"start":{"line":25,"column":10},"end":{"line":34,"column":11}},"line":25}},"branchMap":{"0":{"loc":{"start":{"line":14,"column":2},"end":{"line":14,"column":14}},"type":"default-arg","locations":[{"start":{"line":14,"column":10},"end":{"line":14,"column":14}}],"line":14},"1":{"loc":{"start":{"line":15,"column":2},"end":{"line":15,"column":23}},"type":"default-arg","locations":[{"start":{"line":15,"column":19},"end":{"line":15,"column":23}}],"line":15},"2":{"loc":{"start":{"line":25,"column":10},"end":{"line":34,"column":11}},"type":"cond-expr","locations":[{"start":{"line":26,"column":12},"end":{"line":31,"column":19}},{"start":{"line":33,"column":12},"end":{"line":33,"column":13}}],"line":25},"3":{"loc":{"start":{"line":29,"column":21},"end":{"line":29,"column":58}},"type":"binary-expr","locations":[{"start":{"line":29,"column":21},"end":{"line":29,"column":35}},{"start":{"line":29,"column":39},"end":{"line":29,"column":58}}],"line":29}},"s":{"0":1,"1":3,"2":10,"3":3,"4":8},"f":{"0":3,"1":10,"2":8},"b":{"0":[1],"1":[1],"2":[4,4],"3":[4,2]},"_coverageSchema":"1a1c01bbd47fc00a2c39e90264f33305004495a9","hash":"edb6e4a09ff1a0731cb5ef5b3824e99d7c20231f"}
,"/Users/noxcontest/Documents/Code/DogsApp/src/components/Loading.tsx": {"path":"/Users/noxcontest/Documents/Code/DogsApp/src/components/Loading.tsx","statementMap":{"0":{"start":{"line":16,"column":16},"end":{"line":22,"column":1}},"1":{"start":{"line":17,"column":2},"end":{"line":21,"column":4}},"2":{"start":{"line":26,"column":15},"end":{"line":28,"column":2}}},"fnMap":{"0":{"name":"(anonymous_0)","decl":{"start":{"line":16,"column":16},"end":{"line":16,"column":17}},"loc":{"start":{"line":16,"column":57},"end":{"line":22,"column":1}},"line":16}},"branchMap":{"0":{"loc":{"start":{"line":16,"column":18},"end":{"line":16,"column":32}},"type":"default-arg","locations":[{"start":{"line":16,"column":25},"end":{"line":16,"column":32}}],"line":16},"1":{"loc":{"start":{"line":16,"column":34},"end":{"line":16,"column":44}},"type":"default-arg","locations":[{"start":{"line":16,"column":42},"end":{"line":16,"column":44}}],"line":16}},"s":{"0":3,"1":8,"2":3},"f":{"0":8},"b":{"0":[3],"1":[7]},"_coverageSchema":"1a1c01bbd47fc00a2c39e90264f33305004495a9","hash":"34ec221e27366081486d6a9be699928bce595493"}
,"/Users/noxcontest/Documents/Code/DogsApp/src/components/Notifications.tsx": {"path":"/Users/noxcontest/Documents/Code/DogsApp/src/components/Notifications.tsx","statementMap":{"0":{"start":{"line":28,"column":16},"end":{"line":28,"column":20}},"1":{"start":{"line":30,"column":22},"end":{"line":115,"column":2}},"2":{"start":{"line":31,"column":17},"end":{"line":31,"column":36}},"3":{"start":{"line":32,"column":26},"end":{"line":32,"column":38}},"4":{"start":{"line":33,"column":26},"end":{"line":33,"column":60}},"5":{"start":{"line":34,"column":34},"end":{"line":34,"column":68}},"6":{"start":{"line":36,"column":30},"end":{"line":36,"column":71}},"7":{"start":{"line":37,"column":19},"end":{"line":37,"column":43}},"8":{"start":{"line":39,"column":19},"end":{"line":39,"column":36}},"9":{"start":{"line":40,"column":19},"end":{"line":40,"column":59}},"10":{"start":{"line":42,"column":18},"end":{"line":58,"column":5}},"11":{"start":{"line":42,"column":42},"end":{"line":58,"column":3}},"12":{"start":{"line":60,"column":29},"end":{"line":63,"column":3}},"13":{"start":{"line":65,"column":2},"end":{"line":93,"column":6}},"14":{"start":{"line":65,"column":34},"end":{"line":93,"column":3}},"15":{"start":{"line":67,"column":22},"end":{"line":67,"column":27}},"16":{"start":{"line":69,"column":6},"end":{"line":82,"column":7}},"17":{"start":{"line":70,"column":8},"end":{"line":70,"column":28}},"18":{"start":{"line":72,"column":8},"end":{"line":72,"column":53}},"19":{"start":{"line":74,"column":8},"end":{"line":74,"column":21}},"20":{"start":{"line":75,"column":8},"end":{"line":75,"column":76}},"21":{"start":{"line":76,"column":8},"end":{"line":76,"column":19}},"22":{"start":{"line":78,"column":8},"end":{"line":78,"column":73}},"23":{"start":{"line":79,"column":8},"end":{"line":79,"column":66}},"24":{"start":{"line":81,"column":8},"end":{"line":81,"column":25}},"25":{"start":{"line":84,"column":6},"end":{"line":84,"column":23}},"26":{"start":{"line":87,"column":6},"end":{"line":87,"column":51}},"27":{"start":{"line":89,"column":6},"end":{"line":89,"column":37}},"28":{"start":{"line":91,"column":6},"end":{"line":91,"column":18}},"29":{"start":{"line":95,"column":2},"end":{"line":114,"column":4}},"30":{"start":{"line":99,"column":21},"end":{"line":99,"column":59}},"31":{"start":{"line":117,"column":15},"end":{"line":141,"column":2}}},"fnMap":{"0":{"name":"(anonymous_0)","decl":{"start":{"line":30,"column":39},"end":{"line":30,"column":40}},"loc":{"start":{"line":30,"column":56},"end":{"line":115,"column":1}},"line":30},"1":{"name":"(anonymous_1)","decl":{"start":{"line":42,"column":35},"end":{"line":42,"column":36}},"loc":{"start":{"line":42,"column":42},"end":{"line":58,"column":3}},"line":42},"2":{"name":"(anonymous_2)","decl":{"start":{"line":65,"column":27},"end":{"line":65,"column":28}},"loc":{"start":{"line":65,"column":34},"end":{"line":93,"column":3}},"line":65},"3":{"name":"(anonymous_3)","decl":{"start":{"line":66,"column":10},"end":{"line":66,"column":11}},"loc":{"start":{"line":66,"column":57},"end":{"line":85,"column":5}},"line":66},"4":{"name":"(anonymous_4)","decl":{"start":{"line":86,"column":10},"end":{"line":86,"column":11}},"loc":{"start":{"line":86,"column":16},"end":{"line":92,"column":5}},"line":86},"5":{"name":"(anonymous_5)","decl":{"start":{"line":99,"column":16},"end":{"line":99,"column":17}},"loc":{"start":{"line":99,"column":21},"end":{"line":99,"column":59}},"line":99}},"branchMap":{"0":{"loc":{"start":{"line":66,"column":24},"end":{"line":66,"column":52}},"type":"default-arg","locations":[{"start":{"line":66,"column":46},"end":{"line":66,"column":52}}],"line":66},"1":{"loc":{"start":{"line":69,"column":6},"end":{"line":82,"column":7}},"type":"if","locations":[{"start":{"line":69,"column":6},"end":{"line":82,"column":7}},{"start":{},"end":{}}],"line":69},"2":{"loc":{"start":{"line":69,"column":10},"end":{"line":69,"column":27}},"type":"binary-expr","locations":[{"start":{"line":69,"column":10},"end":{"line":69,"column":13}},{"start":{"line":69,"column":17},"end":{"line":69,"column":27}}],"line":69}},"s":{"0":2,"1":2,"2":8,"3":8,"4":8,"5":8,"6":8,"7":8,"8":8,"9":8,"10":8,"11":8,"12":8,"13":8,"14":7,"15":4,"16":4,"17":3,"18":3,"19":3,"20":3,"21":3,"22":3,"23":3,"24":3,"25":4,"26":3,"27":3,"28":3,"29":8,"30":1,"31":2},"f":{"0":8,"1":8,"2":7,"3":4,"4":3,"5":1},"b":{"0":[1],"1":[3,1],"2":[4,1]},"_coverageSchema":"1a1c01bbd47fc00a2c39e90264f33305004495a9","hash":"7abaa8098e9e2535290d0acefbe81454e8ee1843"}
,"/Users/noxcontest/Documents/Code/DogsApp/src/components/bottomSheets/ShareToBottomSheet.tsx": {"path":"/Users/noxcontest/Documents/Code/DogsApp/src/components/bottomSheets/ShareToBottomSheet.tsx","statementMap":{"0":{"start":{"line":23,"column":21},"end":{"line":23,"column":24}},"1":{"start":{"line":24,"column":18},"end":{"line":24,"column":20}},"2":{"start":{"line":25,"column":14},"end":{"line":74,"column":1}},"3":{"start":{"line":76,"column":20},"end":{"line":127,"column":1}},"4":{"start":{"line":77,"column":25},"end":{"line":80,"column":4}},"5":{"start":{"line":78,"column":4},"end":{"line":78,"column":29}},"6":{"start":{"line":79,"column":4},"end":{"line":79,"column":32}},"7":{"start":{"line":82,"column":2},"end":{"line":126,"column":4}},"8":{"start":{"line":87,"column":25},"end":{"line":87,"column":49}},"9":{"start":{"line":102,"column":30},"end":{"line":102,"column":57}},"10":{"start":{"line":103,"column":38},"end":{"line":103,"column":79}},"11":{"start":{"line":106,"column":10},"end":{"line":122,"column":29}},"12":{"start":{"line":109,"column":27},"end":{"line":109,"column":67}},"13":{"start":{"line":129,"column":27},"end":{"line":184,"column":2}},"14":{"start":{"line":130,"column":32},"end":{"line":130,"column":47}},"15":{"start":{"line":131,"column":24},"end":{"line":131,"column":36}},"16":{"start":{"line":133,"column":22},"end":{"line":133,"column":39}},"17":{"start":{"line":135,"column":20},"end":{"line":137,"column":5}},"18":{"start":{"line":135,"column":44},"end":{"line":137,"column":3}},"19":{"start":{"line":139,"column":22},"end":{"line":150,"column":5}},"20":{"start":{"line":139,"column":46},"end":{"line":150,"column":3}},"21":{"start":{"line":152,"column":2},"end":{"line":160,"column":6}},"22":{"start":{"line":152,"column":34},"end":{"line":160,"column":3}},"23":{"start":{"line":154,"column":16},"end":{"line":154,"column":47}},"24":{"start":{"line":155,"column":6},"end":{"line":155,"column":54}},"25":{"start":{"line":157,"column":6},"end":{"line":157,"column":16}},"26":{"start":{"line":158,"column":6},"end":{"line":158,"column":31}},"27":{"start":{"line":158,"column":24},"end":{"line":158,"column":29}},"28":{"start":{"line":162,"column":2},"end":{"line":183,"column":4}},"29":{"start":{"line":176,"column":25},"end":{"line":176,"column":45}},"30":{"start":{"line":186,"column":15},"end":{"line":247,"column":2}}},"fnMap":{"0":{"name":"(anonymous_0)","decl":{"start":{"line":76,"column":20},"end":{"line":76,"column":21}},"loc":{"start":{"line":76,"column":40},"end":{"line":127,"column":1}},"line":76},"1":{"name":"(anonymous_1)","decl":{"start":{"line":77,"column":32},"end":{"line":77,"column":33}},"loc":{"start":{"line":77,"column":69},"end":{"line":80,"column":3}},"line":77},"2":{"name":"(anonymous_2)","decl":{"start":{"line":87,"column":19},"end":{"line":87,"column":20}},"loc":{"start":{"line":87,"column":25},"end":{"line":87,"column":49}},"line":87},"3":{"name":"(anonymous_3)","decl":{"start":{"line":102,"column":22},"end":{"line":102,"column":23}},"loc":{"start":{"line":102,"column":30},"end":{"line":102,"column":57}},"line":102},"4":{"name":"(anonymous_4)","decl":{"start":{"line":103,"column":32},"end":{"line":103,"column":33}},"loc":{"start":{"line":103,"column":38},"end":{"line":103,"column":79}},"line":103},"5":{"name":"(anonymous_5)","decl":{"start":{"line":105,"column":20},"end":{"line":105,"column":21}},"loc":{"start":{"line":106,"column":10},"end":{"line":122,"column":29}},"line":106},"6":{"name":"(anonymous_6)","decl":{"start":{"line":109,"column":21},"end":{"line":109,"column":22}},"loc":{"start":{"line":109,"column":27},"end":{"line":109,"column":67}},"line":109},"7":{"name":"(anonymous_7)","decl":{"start":{"line":129,"column":44},"end":{"line":129,"column":45}},"loc":{"start":{"line":129,"column":61},"end":{"line":184,"column":1}},"line":129},"8":{"name":"(anonymous_8)","decl":{"start":{"line":135,"column":37},"end":{"line":135,"column":38}},"loc":{"start":{"line":135,"column":44},"end":{"line":137,"column":3}},"line":135},"9":{"name":"(anonymous_9)","decl":{"start":{"line":139,"column":39},"end":{"line":139,"column":40}},"loc":{"start":{"line":139,"column":46},"end":{"line":150,"column":3}},"line":139},"10":{"name":"(anonymous_10)","decl":{"start":{"line":152,"column":27},"end":{"line":152,"column":28}},"loc":{"start":{"line":152,"column":34},"end":{"line":160,"column":3}},"line":152},"11":{"name":"(anonymous_11)","decl":{"start":{"line":153,"column":12},"end":{"line":153,"column":13}},"loc":{"start":{"line":153,"column":27},"end":{"line":159,"column":5}},"line":153},"12":{"name":"(anonymous_12)","decl":{"start":{"line":158,"column":16},"end":{"line":158,"column":17}},"loc":{"start":{"line":158,"column":24},"end":{"line":158,"column":29}},"line":158},"13":{"name":"(anonymous_13)","decl":{"start":{"line":176,"column":19},"end":{"line":176,"column":20}},"loc":{"start":{"line":176,"column":25},"end":{"line":176,"column":45}},"line":176}},"branchMap":{"0":{"loc":{"start":{"line":116,"column":23},"end":{"line":116,"column":79}},"type":"cond-expr","locations":[{"start":{"line":116,"column":52},"end":{"line":116,"column":64}},{"start":{"line":116,"column":67},"end":{"line":116,"column":79}}],"line":116},"1":{"loc":{"start":{"line":154,"column":16},"end":{"line":154,"column":47}},"type":"cond-expr","locations":[{"start":{"line":154,"column":42},"end":{"line":154,"column":43}},{"start":{"line":154,"column":46},"end":{"line":154,"column":47}}],"line":154},"2":{"loc":{"start":{"line":171,"column":23},"end":{"line":171,"column":49}},"type":"cond-expr","locations":[{"start":{"line":171,"column":34},"end":{"line":171,"column":40}},{"start":{"line":171,"column":43},"end":{"line":171,"column":49}}],"line":171}},"s":{"0":2,"1":2,"2":2,"3":2,"4":7,"5":1,"6":1,"7":7,"8":1,"9":42,"10":35,"11":42,"12":1,"13":2,"14":7,"15":7,"16":7,"17":7,"18":12,"19":7,"20":12,"21":7,"22":7,"23":3,"24":3,"25":3,"26":3,"27":3,"28":7,"29":0,"30":2},"f":{"0":7,"1":1,"2":1,"3":42,"4":35,"5":42,"6":1,"7":7,"8":12,"9":12,"10":7,"11":3,"12":3,"13":0},"b":{"0":[42,0],"1":[3,0],"2":[3,4]},"_coverageSchema":"1a1c01bbd47fc00a2c39e90264f33305004495a9","hash":"c6838861515e28e7bd720fd5eb79f1de2b1991b6"}
,"/Users/noxcontest/Documents/Code/DogsApp/src/components/buttons/ClearTextButton.tsx": {"path":"/Users/noxcontest/Documents/Code/DogsApp/src/components/buttons/ClearTextButton.tsx","statementMap":{"0":{"start":{"line":7,"column":18},"end":{"line":7,"column":20}},"1":{"start":{"line":13,"column":24},"end":{"line":32,"column":1}},"2":{"start":{"line":14,"column":24},"end":{"line":18,"column":3}},"3":{"start":{"line":15,"column":4},"end":{"line":17,"column":5}},"4":{"start":{"line":16,"column":6},"end":{"line":16,"column":16}},"5":{"start":{"line":20,"column":2},"end":{"line":31,"column":4}},"6":{"start":{"line":36,"column":15},"end":{"line":43,"column":2}}},"fnMap":{"0":{"name":"(anonymous_0)","decl":{"start":{"line":13,"column":24},"end":{"line":13,"column":25}},"loc":{"start":{"line":13,"column":46},"end":{"line":32,"column":1}},"line":13},"1":{"name":"(anonymous_1)","decl":{"start":{"line":14,"column":24},"end":{"line":14,"column":25}},"loc":{"start":{"line":14,"column":30},"end":{"line":18,"column":3}},"line":14}},"branchMap":{"0":{"loc":{"start":{"line":15,"column":4},"end":{"line":17,"column":5}},"type":"if","locations":[{"start":{"line":15,"column":4},"end":{"line":17,"column":5}},{"start":{},"end":{}}],"line":15},"1":{"loc":{"start":{"line":15,"column":8},"end":{"line":15,"column":48}},"type":"binary-expr","locations":[{"start":{"line":15,"column":8},"end":{"line":15,"column":15}},{"start":{"line":15,"column":19},"end":{"line":15,"column":48}}],"line":15}},"s":{"0":1,"1":1,"2":4,"3":1,"4":1,"5":4,"6":1},"f":{"0":4,"1":1},"b":{"0":[1,0],"1":[1,1]},"_coverageSchema":"1a1c01bbd47fc00a2c39e90264f33305004495a9","hash":"ddce2f987b67182b89df8c41466cdf9ada737557"}
,"/Users/noxcontest/Documents/Code/DogsApp/src/components/buttons/DefaultButton.tsx": {"path":"/Users/noxcontest/Documents/Code/DogsApp/src/components/buttons/DefaultButton.tsx","statementMap":{"0":{"start":{"line":18,"column":22},"end":{"line":35,"column":1}},"1":{"start":{"line":19,"column":2},"end":{"line":34,"column":4}},"2":{"start":{"line":37,"column":15},"end":{"line":48,"column":2}}},"fnMap":{"0":{"name":"(anonymous_0)","decl":{"start":{"line":18,"column":22},"end":{"line":18,"column":23}},"loc":{"start":{"line":18,"column":71},"end":{"line":35,"column":1}},"line":18}},"branchMap":{"0":{"loc":{"start":{"line":28,"column":20},"end":{"line":28,"column":50}},"type":"cond-expr","locations":[{"start":{"line":28,"column":31},"end":{"line":28,"column":39}},{"start":{"line":28,"column":42},"end":{"line":28,"column":50}}],"line":28},"1":{"loc":{"start":{"line":29,"column":27},"end":{"line":29,"column":48}},"type":"binary-expr","locations":[{"start":{"line":29,"column":27},"end":{"line":29,"column":32}},{"start":{"line":29,"column":36},"end":{"line":29,"column":48}}],"line":29}},"s":{"0":5,"1":35,"2":5},"f":{"0":35},"b":{"0":[1,34],"1":[35,3]},"_coverageSchema":"1a1c01bbd47fc00a2c39e90264f33305004495a9","hash":"c362f3434ead96f544d114d3c515092db093a757"}
,"/Users/noxcontest/Documents/Code/DogsApp/src/components/buttons/FakeInputButton.tsx": {"path":"/Users/noxcontest/Documents/Code/DogsApp/src/components/buttons/FakeInputButton.tsx","statementMap":{"0":{"start":{"line":9,"column":24},"end":{"line":21,"column":1}},"1":{"start":{"line":10,"column":25},"end":{"line":14,"column":3}},"2":{"start":{"line":11,"column":4},"end":{"line":13,"column":5}},"3":{"start":{"line":12,"column":6},"end":{"line":12,"column":23}},"4":{"start":{"line":16,"column":2},"end":{"line":20,"column":4}},"5":{"start":{"line":25,"column":15},"end":{"line":25,"column":36}}},"fnMap":{"0":{"name":"(anonymous_0)","decl":{"start":{"line":9,"column":24},"end":{"line":9,"column":25}},"loc":{"start":{"line":9,"column":56},"end":{"line":21,"column":1}},"line":9},"1":{"name":"(anonymous_1)","decl":{"start":{"line":10,"column":25},"end":{"line":10,"column":26}},"loc":{"start":{"line":10,"column":31},"end":{"line":14,"column":3}},"line":10}},"branchMap":{"0":{"loc":{"start":{"line":11,"column":4},"end":{"line":13,"column":5}},"type":"if","locations":[{"start":{"line":11,"column":4},"end":{"line":13,"column":5}},{"start":{},"end":{}}],"line":11},"1":{"loc":{"start":{"line":11,"column":8},"end":{"line":11,"column":48}},"type":"binary-expr","locations":[{"start":{"line":11,"column":8},"end":{"line":11,"column":15}},{"start":{"line":11,"column":19},"end":{"line":11,"column":48}}],"line":11}},"s":{"0":2,"1":17,"2":3,"3":2,"4":17,"5":2},"f":{"0":17,"1":3},"b":{"0":[2,1],"1":[3,1]},"_coverageSchema":"1a1c01bbd47fc00a2c39e90264f33305004495a9","hash":"1782d6bc3f9f3665a84d66b95151e3c50f1dce80"}
,"/Users/noxcontest/Documents/Code/DogsApp/src/components/buttons/ShareButton.tsx": {"path":"/Users/noxcontest/Documents/Code/DogsApp/src/components/buttons/ShareButton.tsx","statementMap":{"0":{"start":{"line":10,"column":20},"end":{"line":27,"column":1}},"1":{"start":{"line":11,"column":35},"end":{"line":15,"column":3}},"2":{"start":{"line":12,"column":4},"end":{"line":14,"column":5}},"3":{"start":{"line":13,"column":6},"end":{"line":13,"column":53}},"4":{"start":{"line":17,"column":2},"end":{"line":26,"column":4}}},"fnMap":{"0":{"name":"(anonymous_0)","decl":{"start":{"line":10,"column":20},"end":{"line":10,"column":21}},"loc":{"start":{"line":10,"column":38},"end":{"line":27,"column":1}},"line":10},"1":{"name":"(anonymous_1)","decl":{"start":{"line":11,"column":35},"end":{"line":11,"column":36}},"loc":{"start":{"line":11,"column":41},"end":{"line":15,"column":3}},"line":11}},"branchMap":{"0":{"loc":{"start":{"line":12,"column":4},"end":{"line":14,"column":5}},"type":"if","locations":[{"start":{"line":12,"column":4},"end":{"line":14,"column":5}},{"start":{},"end":{}}],"line":12},"1":{"loc":{"start":{"line":12,"column":8},"end":{"line":12,"column":25}},"type":"binary-expr","locations":[{"start":{"line":12,"column":8},"end":{"line":12,"column":11}},{"start":{"line":12,"column":15},"end":{"line":12,"column":25}}],"line":12}},"s":{"0":3,"1":16,"2":2,"3":1,"4":16},"f":{"0":16,"1":2},"b":{"0":[1,1],"1":[2,1]},"_coverageSchema":"1a1c01bbd47fc00a2c39e90264f33305004495a9","hash":"9f825742acc6e5d1e915f789f13fa15f95f215b1"}
,"/Users/noxcontest/Documents/Code/DogsApp/src/components/inputs/SearchInput.tsx": {"path":"/Users/noxcontest/Documents/Code/DogsApp/src/components/inputs/SearchInput.tsx","statementMap":{"0":{"start":{"line":14,"column":18},"end":{"line":14,"column":20}},"1":{"start":{"line":16,"column":20},"end":{"line":58,"column":1}},"2":{"start":{"line":23,"column":47},"end":{"line":23,"column":74}},"3":{"start":{"line":25,"column":2},"end":{"line":57,"column":4}},"4":{"start":{"line":62,"column":15},"end":{"line":93,"column":2}}},"fnMap":{"0":{"name":"(anonymous_0)","decl":{"start":{"line":16,"column":20},"end":{"line":16,"column":21}},"loc":{"start":{"line":22,"column":13},"end":{"line":58,"column":1}},"line":22}},"branchMap":{"0":{"loc":{"start":{"line":17,"column":2},"end":{"line":17,"column":12}},"type":"default-arg","locations":[{"start":{"line":17,"column":10},"end":{"line":17,"column":12}}],"line":17},"1":{"loc":{"start":{"line":23,"column":47},"end":{"line":23,"column":74}},"type":"binary-expr","locations":[{"start":{"line":23,"column":47},"end":{"line":23,"column":59}},{"start":{"line":23,"column":63},"end":{"line":23,"column":74}}],"line":23},"2":{"loc":{"start":{"line":34,"column":7},"end":{"line":55,"column":7}},"type":"cond-expr","locations":[{"start":{"line":35,"column":8},"end":{"line":44,"column":15}},{"start":{"line":46,"column":8},"end":{"line":54,"column":10}}],"line":34},"3":{"loc":{"start":{"line":38,"column":14},"end":{"line":40,"column":39}},"type":"cond-expr","locations":[{"start":{"line":39,"column":18},"end":{"line":39,"column":40}},{"start":{"line":40,"column":18},"end":{"line":40,"column":39}}],"line":38},"4":{"loc":{"start":{"line":42,"column":13},"end":{"line":42,"column":71}},"type":"cond-expr","locations":[{"start":{"line":42,"column":52},"end":{"line":42,"column":63}},{"start":{"line":42,"column":66},"end":{"line":42,"column":71}}],"line":42}},"s":{"0":2,"1":2,"2":17,"3":17,"4":2},"f":{"0":17},"b":{"0":[2],"1":[17,13],"2":[16,1],"3":[11,5],"4":[11,5]},"_coverageSchema":"1a1c01bbd47fc00a2c39e90264f33305004495a9","hash":"9594d52c86a6e9c7fd0ab30ccb4d9c9ca9cc213b"}
,"/Users/noxcontest/Documents/Code/DogsApp/src/components/lists/DogImageListItem.tsx": {"path":"/Users/noxcontest/Documents/Code/DogsApp/src/components/lists/DogImageListItem.tsx","statementMap":{"0":{"start":{"line":30,"column":18},"end":{"line":30,"column":20}},"1":{"start":{"line":31,"column":21},"end":{"line":31,"column":51}},"2":{"start":{"line":32,"column":22},"end":{"line":32,"column":53}},"3":{"start":{"line":33,"column":22},"end":{"line":33,"column":39}},"4":{"start":{"line":35,"column":17},"end":{"line":37,"column":1}},"5":{"start":{"line":36,"column":2},"end":{"line":36,"column":56}},"6":{"start":{"line":39,"column":25},"end":{"line":145,"column":1}},"7":{"start":{"line":40,"column":22},"end":{"line":40,"column":49}},"8":{"start":{"line":41,"column":19},"end":{"line":41,"column":32}},"9":{"start":{"line":42,"column":21},"end":{"line":42,"column":41}},"10":{"start":{"line":44,"column":24},"end":{"line":44,"column":36}},"11":{"start":{"line":46,"column":23},"end":{"line":46,"column":52}},"12":{"start":{"line":48,"column":17},"end":{"line":60,"column":20}},"13":{"start":{"line":49,"column":20},"end":{"line":52,"column":5}},"14":{"start":{"line":54,"column":21},"end":{"line":57,"column":5}},"15":{"start":{"line":59,"column":4},"end":{"line":59,"column":45}},"16":{"start":{"line":62,"column":21},"end":{"line":62,"column":57}},"17":{"start":{"line":62,"column":27},"end":{"line":62,"column":57}},"18":{"start":{"line":64,"column":22},"end":{"line":90,"column":3}},"19":{"start":{"line":65,"column":24},"end":{"line":65,"column":47}},"20":{"start":{"line":66,"column":19},"end":{"line":69,"column":5}},"21":{"start":{"line":71,"column":4},"end":{"line":89,"column":6}},"22":{"start":{"line":74,"column":16},"end":{"line":74,"column":28}},"23":{"start":{"line":75,"column":16},"end":{"line":75,"column":35}},"24":{"start":{"line":77,"column":22},"end":{"line":77,"column":27}},"25":{"start":{"line":78,"column":27},"end":{"line":78,"column":41}},"26":{"start":{"line":80,"column":8},"end":{"line":82,"column":9}},"27":{"start":{"line":81,"column":10},"end":{"line":81,"column":56}},"28":{"start":{"line":84,"column":8},"end":{"line":84,"column":75}},"29":{"start":{"line":87,"column":8},"end":{"line":87,"column":70}},"30":{"start":{"line":92,"column":2},"end":{"line":104,"column":9}},"31":{"start":{"line":93,"column":20},"end":{"line":93,"column":25}},"32":{"start":{"line":95,"column":4},"end":{"line":99,"column":7}},"33":{"start":{"line":96,"column":6},"end":{"line":98,"column":7}},"34":{"start":{"line":97,"column":8},"end":{"line":97,"column":20}},"35":{"start":{"line":101,"column":4},"end":{"line":103,"column":6}},"36":{"start":{"line":102,"column":6},"end":{"line":102,"column":23}},"37":{"start":{"line":106,"column":2},"end":{"line":144,"column":4}},"38":{"start":{"line":149,"column":15},"end":{"line":176,"column":2}}},"fnMap":{"0":{"name":"(anonymous_0)","decl":{"start":{"line":35,"column":17},"end":{"line":35,"column":18}},"loc":{"start":{"line":35,"column":67},"end":{"line":37,"column":1}},"line":35},"1":{"name":"(anonymous_1)","decl":{"start":{"line":39,"column":25},"end":{"line":39,"column":26}},"loc":{"start":{"line":39,"column":48},"end":{"line":145,"column":1}},"line":39},"2":{"name":"(anonymous_2)","decl":{"start":{"line":48,"column":34},"end":{"line":48,"column":35}},"loc":{"start":{"line":48,"column":40},"end":{"line":60,"column":3}},"line":48},"3":{"name":"(anonymous_3)","decl":{"start":{"line":62,"column":21},"end":{"line":62,"column":22}},"loc":{"start":{"line":62,"column":27},"end":{"line":62,"column":57}},"line":62},"4":{"name":"(anonymous_4)","decl":{"start":{"line":64,"column":22},"end":{"line":64,"column":23}},"loc":{"start":{"line":64,"column":34},"end":{"line":90,"column":3}},"line":64},"5":{"name":"(anonymous_5)","decl":{"start":{"line":73,"column":6},"end":{"line":73,"column":7}},"loc":{"start":{"line":73,"column":25},"end":{"line":85,"column":7}},"line":73},"6":{"name":"(anonymous_6)","decl":{"start":{"line":86,"column":6},"end":{"line":86,"column":7}},"loc":{"start":{"line":86,"column":13},"end":{"line":88,"column":7}},"line":86},"7":{"name":"(anonymous_7)","decl":{"start":{"line":92,"column":12},"end":{"line":92,"column":13}},"loc":{"start":{"line":92,"column":18},"end":{"line":104,"column":3}},"line":92},"8":{"name":"(anonymous_8)","decl":{"start":{"line":95,"column":30},"end":{"line":95,"column":31}},"loc":{"start":{"line":95,"column":37},"end":{"line":99,"column":5}},"line":95},"9":{"name":"(anonymous_9)","decl":{"start":{"line":101,"column":11},"end":{"line":101,"column":12}},"loc":{"start":{"line":101,"column":17},"end":{"line":103,"column":5}},"line":101}},"branchMap":{"0":{"loc":{"start":{"line":36,"column":9},"end":{"line":36,"column":55}},"type":"binary-expr","locations":[{"start":{"line":36,"column":9},"end":{"line":36,"column":30}},{"start":{"line":36,"column":34},"end":{"line":36,"column":55}}],"line":36},"1":{"loc":{"start":{"line":59,"column":11},"end":{"line":59,"column":44}},"type":"cond-expr","locations":[{"start":{"line":59,"column":26},"end":{"line":59,"column":33}},{"start":{"line":59,"column":36},"end":{"line":59,"column":44}}],"line":59},"2":{"loc":{"start":{"line":80,"column":8},"end":{"line":82,"column":9}},"type":"if","locations":[{"start":{"line":80,"column":8},"end":{"line":82,"column":9}},{"start":{},"end":{}}],"line":80},"3":{"loc":{"start":{"line":96,"column":6},"end":{"line":98,"column":7}},"type":"if","locations":[{"start":{"line":96,"column":6},"end":{"line":98,"column":7}},{"start":{},"end":{}}],"line":96},"4":{"loc":{"start":{"line":106,"column":9},"end":{"line":144,"column":3}},"type":"cond-expr","locations":[{"start":{"line":106,"column":49},"end":{"line":106,"column":53}},{"start":{"line":107,"column":4},"end":{"line":143,"column":20}}],"line":106},"5":{"loc":{"start":{"line":106,"column":9},"end":{"line":106,"column":46}},"type":"binary-expr","locations":[{"start":{"line":106,"column":9},"end":{"line":106,"column":32}},{"start":{"line":106,"column":36},"end":{"line":106,"column":46}}],"line":106},"6":{"loc":{"start":{"line":113,"column":15},"end":{"line":113,"column":37}},"type":"cond-expr","locations":[{"start":{"line":113,"column":31},"end":{"line":113,"column":33}},{"start":{"line":113,"column":36},"end":{"line":113,"column":37}}],"line":113},"7":{"loc":{"start":{"line":133,"column":9},"end":{"line":141,"column":9}},"type":"cond-expr","locations":[{"start":{"line":134,"column":10},"end":{"line":138,"column":12}},{"start":{"line":140,"column":10},"end":{"line":140,"column":77}}],"line":133}},"s":{"0":4,"1":4,"2":4,"3":4,"4":4,"5":3,"6":4,"7":48,"8":48,"9":48,"10":48,"11":48,"12":48,"13":122,"14":122,"15":122,"16":48,"17":0,"18":48,"19":1,"20":1,"21":1,"22":1,"23":1,"24":1,"25":1,"26":1,"27":1,"28":1,"29":0,"30":48,"31":42,"32":42,"33":5,"34":5,"35":42,"36":36,"37":48,"38":4},"f":{"0":3,"1":48,"2":122,"3":0,"4":1,"5":1,"6":0,"7":42,"8":5,"9":36},"b":{"0":[3,3],"1":[36,86],"2":[1,0],"3":[5,0],"4":[6,42],"5":[48,46],"6":[19,23],"7":[4,38]},"_coverageSchema":"1a1c01bbd47fc00a2c39e90264f33305004495a9","hash":"f43f7a0cc499237fffe7ab3b0e5e31b0490237d3"}
,"/Users/noxcontest/Documents/Code/DogsApp/src/components/lists/EmptyList.tsx": {"path":"/Users/noxcontest/Documents/Code/DogsApp/src/components/lists/EmptyList.tsx","statementMap":{"0":{"start":{"line":11,"column":18},"end":{"line":25,"column":1}},"1":{"start":{"line":12,"column":2},"end":{"line":24,"column":4}},"2":{"start":{"line":29,"column":15},"end":{"line":36,"column":2}}},"fnMap":{"0":{"name":"(anonymous_0)","decl":{"start":{"line":11,"column":18},"end":{"line":11,"column":19}},"loc":{"start":{"line":11,"column":45},"end":{"line":25,"column":1}},"line":11}},"branchMap":{"0":{"loc":{"start":{"line":14,"column":41},"end":{"line":14,"column":66}},"type":"binary-expr","locations":[{"start":{"line":14,"column":41},"end":{"line":14,"column":46}},{"start":{"line":14,"column":50},"end":{"line":14,"column":66}}],"line":14},"1":{"loc":{"start":{"line":15,"column":9},"end":{"line":15,"column":33}},"type":"binary-expr","locations":[{"start":{"line":15,"column":9},"end":{"line":15,"column":14}},{"start":{"line":15,"column":18},"end":{"line":15,"column":33}}],"line":15},"2":{"loc":{"start":{"line":21,"column":15},"end":{"line":21,"column":40}},"type":"binary-expr","locations":[{"start":{"line":21,"column":15},"end":{"line":21,"column":20}},{"start":{"line":21,"column":24},"end":{"line":21,"column":40}}],"line":21}},"s":{"0":2,"1":3,"2":2},"f":{"0":3},"b":{"0":[3,3],"1":[3,3],"2":[3,3]},"_coverageSchema":"1a1c01bbd47fc00a2c39e90264f33305004495a9","hash":"bb6f61812a5e0cc8b0cb37355c92ba545bada55f"}
,"/Users/noxcontest/Documents/Code/DogsApp/src/components/lists/GalleryList.tsx": {"path":"/Users/noxcontest/Documents/Code/DogsApp/src/components/lists/GalleryList.tsx","statementMap":{"0":{"start":{"line":26,"column":30},"end":{"line":51,"column":1}},"1":{"start":{"line":30,"column":2},"end":{"line":50,"column":3}},"2":{"start":{"line":31,"column":4},"end":{"line":39,"column":6}},"3":{"start":{"line":41,"column":4},"end":{"line":49,"column":6}},"4":{"start":{"line":53,"column":20},"end":{"line":128,"column":1}},"5":{"start":{"line":63,"column":26},"end":{"line":63,"column":48}},"6":{"start":{"line":65,"column":2},"end":{"line":73,"column":26}},"7":{"start":{"line":66,"column":4},"end":{"line":72,"column":5}},"8":{"start":{"line":67,"column":6},"end":{"line":71,"column":7}},"9":{"start":{"line":68,"column":8},"end":{"line":68,"column":37}},"10":{"start":{"line":70,"column":8},"end":{"line":70,"column":24}},"11":{"start":{"line":77,"column":4},"end":{"line":77,"column":64}},"12":{"start":{"line":79,"column":4},"end":{"line":79,"column":76}},"13":{"start":{"line":80,"column":27},"end":{"line":84,"column":3}},"14":{"start":{"line":87,"column":32},"end":{"line":89,"column":8}},"15":{"start":{"line":91,"column":4},"end":{"line":96,"column":10}},"16":{"start":{"line":94,"column":12},"end":{"line":94,"column":61}},"17":{"start":{"line":97,"column":26},"end":{"line":99,"column":8}},"18":{"start":{"line":100,"column":31},"end":{"line":104,"column":3}},"19":{"start":{"line":106,"column":17},"end":{"line":121,"column":3}},"20":{"start":{"line":118,"column":6},"end":{"line":118,"column":29}},"21":{"start":{"line":123,"column":2},"end":{"line":127,"column":4}},"22":{"start":{"line":132,"column":15},"end":{"line":149,"column":2}}},"fnMap":{"0":{"name":"(anonymous_0)","decl":{"start":{"line":26,"column":30},"end":{"line":26,"column":31}},"loc":{"start":{"line":29,"column":5},"end":{"line":51,"column":1}},"line":29},"1":{"name":"(anonymous_1)","decl":{"start":{"line":53,"column":20},"end":{"line":53,"column":21}},"loc":{"start":{"line":62,"column":13},"end":{"line":128,"column":1}},"line":62},"2":{"name":"(anonymous_2)","decl":{"start":{"line":65,"column":12},"end":{"line":65,"column":13}},"loc":{"start":{"line":65,"column":18},"end":{"line":73,"column":3}},"line":65},"3":{"name":"(anonymous_3)","decl":{"start":{"line":93,"column":31},"end":{"line":93,"column":32}},"loc":{"start":{"line":94,"column":12},"end":{"line":94,"column":61}},"line":94},"4":{"name":"(anonymous_4)","decl":{"start":{"line":117,"column":16},"end":{"line":117,"column":17}},"loc":{"start":{"line":118,"column":6},"end":{"line":118,"column":29}},"line":118}},"branchMap":{"0":{"loc":{"start":{"line":30,"column":2},"end":{"line":50,"column":3}},"type":"if","locations":[{"start":{"line":30,"column":2},"end":{"line":50,"column":3}},{"start":{"line":40,"column":9},"end":{"line":50,"column":3}}],"line":30},"1":{"loc":{"start":{"line":31,"column":11},"end":{"line":39,"column":5}},"type":"cond-expr","locations":[{"start":{"line":32,"column":6},"end":{"line":36,"column":8}},{"start":{"line":38,"column":6},"end":{"line":38,"column":80}}],"line":31},"2":{"loc":{"start":{"line":41,"column":11},"end":{"line":49,"column":5}},"type":"cond-expr","locations":[{"start":{"line":42,"column":6},"end":{"line":46,"column":8}},{"start":{"line":48,"column":6},"end":{"line":48,"column":15}}],"line":41},"3":{"loc":{"start":{"line":66,"column":4},"end":{"line":72,"column":5}},"type":"if","locations":[{"start":{"line":66,"column":4},"end":{"line":72,"column":5}},{"start":{},"end":{}}],"line":66},"4":{"loc":{"start":{"line":66,"column":8},"end":{"line":66,"column":38}},"type":"binary-expr","locations":[{"start":{"line":66,"column":8},"end":{"line":66,"column":24}},{"start":{"line":66,"column":28},"end":{"line":66,"column":38}}],"line":66},"5":{"loc":{"start":{"line":67,"column":6},"end":{"line":71,"column":7}},"type":"if","locations":[{"start":{"line":67,"column":6},"end":{"line":71,"column":7}},{"start":{"line":69,"column":13},"end":{"line":71,"column":7}}],"line":67},"6":{"loc":{"start":{"line":67,"column":10},"end":{"line":67,"column":48}},"type":"binary-expr","locations":[{"start":{"line":67,"column":10},"end":{"line":67,"column":27}},{"start":{"line":67,"column":31},"end":{"line":67,"column":48}}],"line":67},"7":{"loc":{"start":{"line":77,"column":4},"end":{"line":77,"column":64}},"type":"cond-expr","locations":[{"start":{"line":77,"column":49},"end":{"line":77,"column":59}},{"start":{"line":77,"column":62},"end":{"line":77,"column":64}}],"line":77},"8":{"loc":{"start":{"line":77,"column":4},"end":{"line":77,"column":46}},"type":"binary-expr","locations":[{"start":{"line":77,"column":4},"end":{"line":77,"column":12}},{"start":{"line":77,"column":16},"end":{"line":77,"column":46}}],"line":77},"9":{"loc":{"start":{"line":79,"column":4},"end":{"line":79,"column":76}},"type":"cond-expr","locations":[{"start":{"line":79,"column":57},"end":{"line":79,"column":71}},{"start":{"line":79,"column":74},"end":{"line":79,"column":76}}],"line":79},"10":{"loc":{"start":{"line":79,"column":4},"end":{"line":79,"column":54}},"type":"binary-expr","locations":[{"start":{"line":79,"column":4},"end":{"line":79,"column":16}},{"start":{"line":79,"column":20},"end":{"line":79,"column":54}}],"line":79},"11":{"loc":{"start":{"line":87,"column":32},"end":{"line":89,"column":8}},"type":"cond-expr","locations":[{"start":{"line":88,"column":6},"end":{"line":88,"column":44}},{"start":{"line":89,"column":6},"end":{"line":89,"column":8}}],"line":87},"12":{"loc":{"start":{"line":91,"column":4},"end":{"line":96,"column":10}},"type":"cond-expr","locations":[{"start":{"line":92,"column":8},"end":{"line":95,"column":9}},{"start":{"line":96,"column":8},"end":{"line":96,"column":10}}],"line":91},"13":{"loc":{"start":{"line":91,"column":4},"end":{"line":91,"column":32}},"type":"binary-expr","locations":[{"start":{"line":91,"column":4},"end":{"line":91,"column":13}},{"start":{"line":91,"column":17},"end":{"line":91,"column":32}}],"line":91},"14":{"loc":{"start":{"line":97,"column":26},"end":{"line":99,"column":8}},"type":"cond-expr","locations":[{"start":{"line":98,"column":6},"end":{"line":98,"column":42}},{"start":{"line":99,"column":6},"end":{"line":99,"column":8}}],"line":97},"15":{"loc":{"start":{"line":115,"column":6},"end":{"line":115,"column":49}},"type":"cond-expr","locations":[{"start":{"line":115,"column":28},"end":{"line":115,"column":44}},{"start":{"line":115,"column":47},"end":{"line":115,"column":49}}],"line":115},"16":{"loc":{"start":{"line":123,"column":9},"end":{"line":127,"column":3}},"type":"cond-expr","locations":[{"start":{"line":124,"column":4},"end":{"line":124,"column":37}},{"start":{"line":126,"column":4},"end":{"line":126,"column":28}}],"line":123}},"s":{"0":3,"1":9,"2":1,"3":8,"4":3,"5":28,"6":28,"7":14,"8":13,"9":2,"10":11,"11":28,"12":28,"13":28,"14":28,"15":28,"16":9,"17":28,"18":28,"19":28,"20":40,"21":28,"22":3},"f":{"0":9,"1":28,"2":14,"3":9,"4":40},"b":{"0":[1,8],"1":[1,0],"2":[0,8],"3":[13,1],"4":[14,14],"5":[2,11],"6":[13,2],"7":[4,24],"8":[28,4],"9":[16,12],"10":[28,16],"11":[8,20],"12":[9,19],"13":[28,27],"14":[4,24],"15":[6,22],"16":[4,24]},"_coverageSchema":"1a1c01bbd47fc00a2c39e90264f33305004495a9","hash":"bc071cd338cd06ee6ac0657b17c2204f7db00e5a"}
,"/Users/noxcontest/Documents/Code/DogsApp/src/components/lists/helpers.tsx": {"path":"/Users/noxcontest/Documents/Code/DogsApp/src/components/lists/helpers.tsx","statementMap":{"0":{"start":{"line":4,"column":26},"end":{"line":6,"column":1}},"1":{"start":{"line":5,"column":2},"end":{"line":5,"column":50}}},"fnMap":{"0":{"name":"(anonymous_0)","decl":{"start":{"line":4,"column":26},"end":{"line":4,"column":27}},"loc":{"start":{"line":4,"column":56},"end":{"line":6,"column":1}},"line":4}},"branchMap":{},"s":{"0":3,"1":40},"f":{"0":40},"b":{},"_coverageSchema":"1a1c01bbd47fc00a2c39e90264f33305004495a9","hash":"c74116cdbe98c0a8c7986238021c9e43ba1c5be0"}
,"/Users/noxcontest/Documents/Code/DogsApp/src/layouts/Catalog/BookmarksScreen.tsx": {"path":"/Users/noxcontest/Documents/Code/DogsApp/src/layouts/Catalog/BookmarksScreen.tsx","statementMap":{"0":{"start":{"line":25,"column":24},"end":{"line":81,"column":1}},"1":{"start":{"line":26,"column":22},"end":{"line":26,"column":49}},"2":{"start":{"line":27,"column":18},"end":{"line":27,"column":35}},"3":{"start":{"line":29,"column":23},"end":{"line":41,"column":5}},"4":{"start":{"line":29,"column":47},"end":{"line":41,"column":3}},"5":{"start":{"line":43,"column":23},"end":{"line":45,"column":3}},"6":{"start":{"line":44,"column":4},"end":{"line":44,"column":50}},"7":{"start":{"line":47,"column":2},"end":{"line":80,"column":4}},"8":{"start":{"line":83,"column":15},"end":{"line":128,"column":2}}},"fnMap":{"0":{"name":"(anonymous_0)","decl":{"start":{"line":25,"column":24},"end":{"line":25,"column":25}},"loc":{"start":{"line":25,"column":30},"end":{"line":81,"column":1}},"line":25},"1":{"name":"(anonymous_1)","decl":{"start":{"line":29,"column":40},"end":{"line":29,"column":41}},"loc":{"start":{"line":29,"column":47},"end":{"line":41,"column":3}},"line":29},"2":{"name":"(anonymous_2)","decl":{"start":{"line":43,"column":23},"end":{"line":43,"column":24}},"loc":{"start":{"line":43,"column":71},"end":{"line":45,"column":3}},"line":43}},"branchMap":{},"s":{"0":1,"1":2,"2":2,"3":2,"4":6,"5":2,"6":0,"7":2,"8":1},"f":{"0":2,"1":6,"2":0},"b":{},"_coverageSchema":"1a1c01bbd47fc00a2c39e90264f33305004495a9","hash":"25edfa0c9792e40e7b6115bd3ec9d2b98d92c8fe"}
,"/Users/noxcontest/Documents/Code/DogsApp/src/layouts/Catalog/CatalogScreen.tsx": {"path":"/Users/noxcontest/Documents/Code/DogsApp/src/layouts/Catalog/CatalogScreen.tsx","statementMap":{"0":{"start":{"line":22,"column":22},"end":{"line":95,"column":1}},"1":{"start":{"line":23,"column":19},"end":{"line":23,"column":32}},"2":{"start":{"line":25,"column":4},"end":{"line":25,"column":65}},"3":{"start":{"line":26,"column":16},"end":{"line":26,"column":72}},"4":{"start":{"line":27,"column":17},"end":{"line":27,"column":44}},"5":{"start":{"line":29,"column":30},"end":{"line":29,"column":42}},"6":{"start":{"line":31,"column":2},"end":{"line":33,"column":9}},"7":{"start":{"line":32,"column":4},"end":{"line":32,"column":45}},"8":{"start":{"line":35,"column":2},"end":{"line":40,"column":14}},"9":{"start":{"line":36,"column":4},"end":{"line":39,"column":5}},"10":{"start":{"line":37,"column":6},"end":{"line":37,"column":38}},"11":{"start":{"line":38,"column":6},"end":{"line":38,"column":64}},"12":{"start":{"line":42,"column":27},"end":{"line":48,"column":24}},"13":{"start":{"line":43,"column":4},"end":{"line":47,"column":5}},"14":{"start":{"line":44,"column":6},"end":{"line":44,"column":44}},"15":{"start":{"line":46,"column":6},"end":{"line":46,"column":32}},"16":{"start":{"line":50,"column":27},"end":{"line":52,"column":3}},"17":{"start":{"line":51,"column":4},"end":{"line":51,"column":33}},"18":{"start":{"line":54,"column":22},"end":{"line":57,"column":3}},"19":{"start":{"line":55,"column":4},"end":{"line":55,"column":18}},"20":{"start":{"line":56,"column":4},"end":{"line":56,"column":45}},"21":{"start":{"line":59,"column":2},"end":{"line":94,"column":4}},"22":{"start":{"line":97,"column":15},"end":{"line":124,"column":2}}},"fnMap":{"0":{"name":"(anonymous_0)","decl":{"start":{"line":22,"column":22},"end":{"line":22,"column":23}},"loc":{"start":{"line":22,"column":28},"end":{"line":95,"column":1}},"line":22},"1":{"name":"(anonymous_1)","decl":{"start":{"line":31,"column":12},"end":{"line":31,"column":13}},"loc":{"start":{"line":31,"column":18},"end":{"line":33,"column":3}},"line":31},"2":{"name":"(anonymous_2)","decl":{"start":{"line":35,"column":12},"end":{"line":35,"column":13}},"loc":{"start":{"line":35,"column":18},"end":{"line":40,"column":3}},"line":35},"3":{"name":"(anonymous_3)","decl":{"start":{"line":42,"column":39},"end":{"line":42,"column":40}},"loc":{"start":{"line":42,"column":45},"end":{"line":48,"column":3}},"line":42},"4":{"name":"(anonymous_4)","decl":{"start":{"line":50,"column":27},"end":{"line":50,"column":28}},"loc":{"start":{"line":50,"column":33},"end":{"line":52,"column":3}},"line":50},"5":{"name":"(anonymous_5)","decl":{"start":{"line":54,"column":22},"end":{"line":54,"column":23}},"loc":{"start":{"line":54,"column":28},"end":{"line":57,"column":3}},"line":54}},"branchMap":{"0":{"loc":{"start":{"line":36,"column":4},"end":{"line":39,"column":5}},"type":"if","locations":[{"start":{"line":36,"column":4},"end":{"line":39,"column":5}},{"start":{},"end":{}}],"line":36},"1":{"loc":{"start":{"line":43,"column":4},"end":{"line":47,"column":5}},"type":"if","locations":[{"start":{"line":43,"column":4},"end":{"line":47,"column":5}},{"start":{"line":45,"column":11},"end":{"line":47,"column":5}}],"line":43},"2":{"loc":{"start":{"line":75,"column":9},"end":{"line":79,"column":9}},"type":"binary-expr","locations":[{"start":{"line":75,"column":9},"end":{"line":75,"column":26}},{"start":{"line":76,"column":10},"end":{"line":78,"column":17}}],"line":75},"3":{"loc":{"start":{"line":83,"column":9},"end":{"line":91,"column":9}},"type":"cond-expr","locations":[{"start":{"line":84,"column":10},"end":{"line":84,"column":36}},{"start":{"line":86,"column":10},"end":{"line":90,"column":12}}],"line":83}},"s":{"0":1,"1":14,"2":14,"3":14,"4":14,"5":14,"6":14,"7":9,"8":14,"9":9,"10":4,"11":4,"12":14,"13":2,"14":1,"15":1,"16":14,"17":1,"18":14,"19":1,"20":1,"21":14,"22":1},"f":{"0":14,"1":9,"2":9,"3":2,"4":1,"5":1},"b":{"0":[4,5],"1":[1,1],"2":[14,4],"3":[1,13]},"_coverageSchema":"1a1c01bbd47fc00a2c39e90264f33305004495a9","hash":"b233756da2bc94be24f6685ec8b03ba77dc4ac00"}
,"/Users/noxcontest/Documents/Code/DogsApp/src/layouts/Gallery/GalleryModal.tsx": {"path":"/Users/noxcontest/Documents/Code/DogsApp/src/layouts/Gallery/GalleryModal.tsx","statementMap":{"0":{"start":{"line":25,"column":23},"end":{"line":25,"column":24}},"1":{"start":{"line":26,"column":22},"end":{"line":26,"column":39}},"2":{"start":{"line":28,"column":24},"end":{"line":28,"column":45}},"3":{"start":{"line":30,"column":21},"end":{"line":197,"column":1}},"4":{"start":{"line":31,"column":19},"end":{"line":31,"column":71}},"5":{"start":{"line":33,"column":26},"end":{"line":33,"column":48}},"6":{"start":{"line":34,"column":26},"end":{"line":37,"column":4}},"7":{"start":{"line":39,"column":20},"end":{"line":48,"column":4}},"8":{"start":{"line":40,"column":4},"end":{"line":47,"column":5}},"9":{"start":{"line":41,"column":16},"end":{"line":41,"column":63}},"10":{"start":{"line":42,"column":16},"end":{"line":42,"column":53}},"11":{"start":{"line":44,"column":6},"end":{"line":44,"column":17}},"12":{"start":{"line":46,"column":6},"end":{"line":46,"column":37}},"13":{"start":{"line":50,"column":21},"end":{"line":50,"column":38}},"14":{"start":{"line":51,"column":18},"end":{"line":51,"column":35}},"15":{"start":{"line":53,"column":25},"end":{"line":80,"column":3}},"16":{"start":{"line":56,"column":8},"end":{"line":56,"column":38}},"17":{"start":{"line":59,"column":8},"end":{"line":59,"column":57}},"18":{"start":{"line":61,"column":8},"end":{"line":69,"column":9}},"19":{"start":{"line":62,"column":10},"end":{"line":62,"column":31}},"20":{"start":{"line":64,"column":10},"end":{"line":68,"column":11}},"21":{"start":{"line":65,"column":12},"end":{"line":65,"column":43}},"22":{"start":{"line":67,"column":12},"end":{"line":67,"column":30}},"23":{"start":{"line":72,"column":8},"end":{"line":76,"column":9}},"24":{"start":{"line":73,"column":10},"end":{"line":73,"column":67}},"25":{"start":{"line":75,"column":10},"end":{"line":75,"column":57}},"26":{"start":{"line":82,"column":26},"end":{"line":92,"column":3}},"27":{"start":{"line":83,"column":11},"end":{"line":90,"column":5}},"28":{"start":{"line":94,"column":26},"end":{"line":108,"column":3}},"29":{"start":{"line":95,"column":11},"end":{"line":106,"column":5}},"30":{"start":{"line":110,"column":28},"end":{"line":123,"column":19}},"31":{"start":{"line":111,"column":4},"end":{"line":122,"column":6}},"32":{"start":{"line":126,"column":2},"end":{"line":138,"column":19}},"33":{"start":{"line":127,"column":4},"end":{"line":127,"column":59}},"34":{"start":{"line":129,"column":4},"end":{"line":131,"column":5}},"35":{"start":{"line":130,"column":6},"end":{"line":130,"column":39}},"36":{"start":{"line":133,"column":4},"end":{"line":137,"column":6}},"37":{"start":{"line":134,"column":6},"end":{"line":134,"column":53}},"38":{"start":{"line":135,"column":6},"end":{"line":135,"column":50}},"39":{"start":{"line":136,"column":6},"end":{"line":136,"column":18}},"40":{"start":{"line":140,"column":2},"end":{"line":196,"column":4}},"41":{"start":{"line":199,"column":15},"end":{"line":237,"column":2}}},"fnMap":{"0":{"name":"(anonymous_0)","decl":{"start":{"line":30,"column":21},"end":{"line":30,"column":22}},"loc":{"start":{"line":30,"column":27},"end":{"line":197,"column":1}},"line":30},"1":{"name":"(anonymous_1)","decl":{"start":{"line":39,"column":27},"end":{"line":39,"column":28}},"loc":{"start":{"line":39,"column":48},"end":{"line":48,"column":3}},"line":39},"2":{"name":"(anonymous_2)","decl":{"start":{"line":55,"column":15},"end":{"line":55,"column":16}},"loc":{"start":{"line":55,"column":32},"end":{"line":57,"column":7}},"line":55},"3":{"name":"(anonymous_3)","decl":{"start":{"line":58,"column":16},"end":{"line":58,"column":17}},"loc":{"start":{"line":58,"column":30},"end":{"line":70,"column":7}},"line":58},"4":{"name":"(anonymous_4)","decl":{"start":{"line":71,"column":13},"end":{"line":71,"column":14}},"loc":{"start":{"line":71,"column":20},"end":{"line":77,"column":7}},"line":71},"5":{"name":"(anonymous_5)","decl":{"start":{"line":83,"column":4},"end":{"line":83,"column":5}},"loc":{"start":{"line":83,"column":11},"end":{"line":90,"column":5}},"line":83},"6":{"name":"(anonymous_6)","decl":{"start":{"line":95,"column":4},"end":{"line":95,"column":5}},"loc":{"start":{"line":95,"column":11},"end":{"line":106,"column":5}},"line":95},"7":{"name":"(anonymous_7)","decl":{"start":{"line":110,"column":45},"end":{"line":110,"column":46}},"loc":{"start":{"line":110,"column":51},"end":{"line":123,"column":3}},"line":110},"8":{"name":"(anonymous_8)","decl":{"start":{"line":126,"column":12},"end":{"line":126,"column":13}},"loc":{"start":{"line":126,"column":18},"end":{"line":138,"column":3}},"line":126},"9":{"name":"(anonymous_9)","decl":{"start":{"line":133,"column":11},"end":{"line":133,"column":12}},"loc":{"start":{"line":133,"column":17},"end":{"line":137,"column":5}},"line":133}},"branchMap":{"0":{"loc":{"start":{"line":28,"column":24},"end":{"line":28,"column":45}},"type":"cond-expr","locations":[{"start":{"line":28,"column":38},"end":{"line":28,"column":40}},{"start":{"line":28,"column":43},"end":{"line":28,"column":45}}],"line":28},"1":{"loc":{"start":{"line":61,"column":8},"end":{"line":69,"column":9}},"type":"if","locations":[{"start":{"line":61,"column":8},"end":{"line":69,"column":9}},{"start":{"line":63,"column":15},"end":{"line":69,"column":9}}],"line":61},"2":{"loc":{"start":{"line":64,"column":10},"end":{"line":68,"column":11}},"type":"if","locations":[{"start":{"line":64,"column":10},"end":{"line":68,"column":11}},{"start":{"line":66,"column":17},"end":{"line":68,"column":11}}],"line":64},"3":{"loc":{"start":{"line":72,"column":8},"end":{"line":76,"column":9}},"type":"if","locations":[{"start":{"line":72,"column":8},"end":{"line":76,"column":9}},{"start":{"line":74,"column":15},"end":{"line":76,"column":9}}],"line":72},"4":{"loc":{"start":{"line":129,"column":4},"end":{"line":131,"column":5}},"type":"if","locations":[{"start":{"line":129,"column":4},"end":{"line":131,"column":5}},{"start":{},"end":{}}],"line":129},"5":{"loc":{"start":{"line":129,"column":8},"end":{"line":129,"column":43}},"type":"binary-expr","locations":[{"start":{"line":129,"column":8},"end":{"line":129,"column":26}},{"start":{"line":129,"column":30},"end":{"line":129,"column":43}}],"line":129},"6":{"loc":{"start":{"line":148,"column":21},"end":{"line":148,"column":62}},"type":"cond-expr","locations":[{"start":{"line":148,"column":35},"end":{"line":148,"column":55}},{"start":{"line":148,"column":58},"end":{"line":148,"column":62}}],"line":148},"7":{"loc":{"start":{"line":169,"column":11},"end":{"line":192,"column":11}},"type":"cond-expr","locations":[{"start":{"line":170,"column":12},"end":{"line":179,"column":19}},{"start":{"line":181,"column":12},"end":{"line":191,"column":14}}],"line":169},"8":{"loc":{"start":{"line":185,"column":16},"end":{"line":189,"column":17}},"type":"cond-expr","locations":[{"start":{"line":186,"column":18},"end":{"line":186,"column":58}},{"start":{"line":188,"column":18},"end":{"line":188,"column":26}}],"line":185},"9":{"loc":{"start":{"line":186,"column":35},"end":{"line":186,"column":54}},"type":"binary-expr","locations":[{"start":{"line":186,"column":35},"end":{"line":186,"column":48}},{"start":{"line":186,"column":52},"end":{"line":186,"column":54}}],"line":186}},"s":{"0":1,"1":1,"2":1,"3":1,"4":9,"5":9,"6":9,"7":9,"8":1,"9":1,"10":1,"11":1,"12":0,"13":9,"14":9,"15":9,"16":0,"17":0,"18":0,"19":0,"20":0,"21":0,"22":0,"23":0,"24":0,"25":0,"26":9,"27":12,"28":9,"29":12,"30":9,"31":12,"32":9,"33":4,"34":4,"35":1,"36":4,"37":3,"38":3,"39":3,"40":9,"41":1},"f":{"0":9,"1":1,"2":0,"3":0,"4":0,"5":12,"6":12,"7":12,"8":4,"9":3},"b":{"0":[0,1],"1":[0,0],"2":[0,0],"3":[0,0],"4":[1,3],"5":[4,3],"6":[0,9],"7":[2,7],"8":[0,7],"9":[0,0]},"_coverageSchema":"1a1c01bbd47fc00a2c39e90264f33305004495a9","hash":"85b696e1af9a569c7b020e25c8dfa5b4185c3cff"}
,"/Users/noxcontest/Documents/Code/DogsApp/src/layouts/Gallery/Components/ListHeader.tsx": {"path":"/Users/noxcontest/Documents/Code/DogsApp/src/layouts/Gallery/Components/ListHeader.tsx","statementMap":{"0":{"start":{"line":17,"column":26},"end":{"line":45,"column":1}},"1":{"start":{"line":18,"column":22},"end":{"line":18,"column":49}},"2":{"start":{"line":19,"column":19},"end":{"line":19,"column":32}},"3":{"start":{"line":21,"column":31},"end":{"line":21,"column":67}},"4":{"start":{"line":21,"column":37},"end":{"line":21,"column":67}},"5":{"start":{"line":23,"column":21},"end":{"line":23,"column":50}},"6":{"start":{"line":25,"column":2},"end":{"line":44,"column":4}},"7":{"start":{"line":47,"column":15},"end":{"line":66,"column":2}}},"fnMap":{"0":{"name":"(anonymous_0)","decl":{"start":{"line":17,"column":26},"end":{"line":17,"column":27}},"loc":{"start":{"line":17,"column":44},"end":{"line":45,"column":1}},"line":17},"1":{"name":"(anonymous_1)","decl":{"start":{"line":21,"column":31},"end":{"line":21,"column":32}},"loc":{"start":{"line":21,"column":37},"end":{"line":21,"column":67}},"line":21}},"branchMap":{"0":{"loc":{"start":{"line":32,"column":17},"end":{"line":32,"column":65}},"type":"cond-expr","locations":[{"start":{"line":32,"column":30},"end":{"line":32,"column":46}},{"start":{"line":32,"column":49},"end":{"line":32,"column":65}}],"line":32},"1":{"loc":{"start":{"line":37,"column":19},"end":{"line":37,"column":63}},"type":"cond-expr","locations":[{"start":{"line":37,"column":32},"end":{"line":37,"column":44}},{"start":{"line":37,"column":47},"end":{"line":37,"column":63}}],"line":37}},"s":{"0":2,"1":13,"2":13,"3":13,"4":1,"5":13,"6":13,"7":2},"f":{"0":13,"1":1},"b":{"0":[11,2],"1":[11,2]},"_coverageSchema":"1a1c01bbd47fc00a2c39e90264f33305004495a9","hash":"2acf003aadc804e64b92df14e3a21ea0ebd43caf"}
,"/Users/noxcontest/Documents/Code/DogsApp/src/layouts/Gallery/Components/SeeMore.tsx": {"path":"/Users/noxcontest/Documents/Code/DogsApp/src/layouts/Gallery/Components/SeeMore.tsx","statementMap":{"0":{"start":{"line":15,"column":16},"end":{"line":40,"column":1}},"1":{"start":{"line":16,"column":19},"end":{"line":16,"column":32}},"2":{"start":{"line":18,"column":4},"end":{"line":20,"column":7}},"3":{"start":{"line":22,"column":22},"end":{"line":31,"column":3}},"4":{"start":{"line":23,"column":17},"end":{"line":23,"column":33}},"5":{"start":{"line":24,"column":4},"end":{"line":29,"column":7}},"6":{"start":{"line":30,"column":4},"end":{"line":30,"column":71}},"7":{"start":{"line":33,"column":2},"end":{"line":39,"column":4}},"8":{"start":{"line":42,"column":15},"end":{"line":53,"column":2}}},"fnMap":{"0":{"name":"(anonymous_0)","decl":{"start":{"line":15,"column":16},"end":{"line":15,"column":17}},"loc":{"start":{"line":15,"column":37},"end":{"line":40,"column":1}},"line":15},"1":{"name":"(anonymous_1)","decl":{"start":{"line":22,"column":22},"end":{"line":22,"column":23}},"loc":{"start":{"line":22,"column":28},"end":{"line":31,"column":3}},"line":22}},"branchMap":{},"s":{"0":2,"1":2,"2":2,"3":2,"4":1,"5":1,"6":1,"7":2,"8":2},"f":{"0":2,"1":1},"b":{},"_coverageSchema":"1a1c01bbd47fc00a2c39e90264f33305004495a9","hash":"f4bdba2310a4f1e0eac13e3485d4b2db8a8250ac"}
,"/Users/noxcontest/Documents/Code/DogsApp/src/redux/rootSelector.ts": {"path":"/Users/noxcontest/Documents/Code/DogsApp/src/redux/rootSelector.ts","statementMap":{"0":{"start":{"line":3,"column":30},"end":{"line":3,"column":62}},"1":{"start":{"line":3,"column":52},"end":{"line":3,"column":62}}},"fnMap":{"0":{"name":"(anonymous_0)","decl":{"start":{"line":3,"column":30},"end":{"line":3,"column":31}},"loc":{"start":{"line":3,"column":52},"end":{"line":3,"column":62}},"line":3}},"branchMap":{},"s":{"0":5,"1":0},"f":{"0":0},"b":{},"_coverageSchema":"1a1c01bbd47fc00a2c39e90264f33305004495a9","hash":"bf089e895ee8f8537475a77b18e3677061672df7"}
,"/Users/noxcontest/Documents/Code/DogsApp/src/redux/actions/listActions.ts": {"path":"/Users/noxcontest/Documents/Code/DogsApp/src/redux/actions/listActions.ts","statementMap":{"0":{"start":{"line":3,"column":29},"end":{"line":11,"column":2}},"1":{"start":{"line":8,"column":6},"end":{"line":11,"column":1}},"2":{"start":{"line":13,"column":29},"end":{"line":16,"column":2}},"3":{"start":{"line":13,"column":36},"end":{"line":16,"column":1}},"4":{"start":{"line":18,"column":31},"end":{"line":21,"column":2}},"5":{"start":{"line":18,"column":49},"end":{"line":21,"column":1}},"6":{"start":{"line":23,"column":31},"end":{"line":26,"column":2}},"7":{"start":{"line":23,"column":51},"end":{"line":26,"column":1}}},"fnMap":{"0":{"name":"(anonymous_0)","decl":{"start":{"line":3,"column":29},"end":{"line":3,"column":30}},"loc":{"start":{"line":8,"column":6},"end":{"line":11,"column":1}},"line":8},"1":{"name":"(anonymous_1)","decl":{"start":{"line":13,"column":29},"end":{"line":13,"column":30}},"loc":{"start":{"line":13,"column":36},"end":{"line":16,"column":1}},"line":13},"2":{"name":"(anonymous_2)","decl":{"start":{"line":18,"column":31},"end":{"line":18,"column":32}},"loc":{"start":{"line":18,"column":49},"end":{"line":21,"column":1}},"line":18},"3":{"name":"(anonymous_3)","decl":{"start":{"line":23,"column":31},"end":{"line":23,"column":32}},"loc":{"start":{"line":23,"column":51},"end":{"line":26,"column":1}},"line":23}},"branchMap":{"0":{"loc":{"start":{"line":7,"column":2},"end":{"line":7,"column":15}},"type":"default-arg","locations":[{"start":{"line":7,"column":13},"end":{"line":7,"column":15}}],"line":7}},"s":{"0":6,"1":16,"2":6,"3":0,"4":6,"5":1,"6":6,"7":1},"f":{"0":16,"1":0,"2":1,"3":1},"b":{"0":[16]},"_coverageSchema":"1a1c01bbd47fc00a2c39e90264f33305004495a9","hash":"86418a6c6b012c16287b2e336fd6c88e05d0a77d"}
,"/Users/noxcontest/Documents/Code/DogsApp/src/redux/types/listTypes.ts": {"path":"/Users/noxcontest/Documents/Code/DogsApp/src/redux/types/listTypes.ts","statementMap":{},"fnMap":{},"branchMap":{},"s":{},"f":{},"b":{},"_coverageSchema":"1a1c01bbd47fc00a2c39e90264f33305004495a9","hash":"4a40926c700562882bb7fcecc088f21116464d0a"}
,"/Users/noxcontest/Documents/Code/DogsApp/src/utils/constants.ts": {"path":"/Users/noxcontest/Documents/Code/DogsApp/src/utils/constants.ts","statementMap":{"0":{"start":{"line":6,"column":22},"end":{"line":15,"column":1}},"1":{"start":{"line":17,"column":20},"end":{"line":24,"column":1}},"2":{"start":{"line":26,"column":35},"end":{"line":26,"column":57}},"3":{"start":{"line":28,"column":2},"end":{"line":28,"column":19}},"4":{"start":{"line":30,"column":31},"end":{"line":32,"column":1}},"5":{"start":{"line":34,"column":28},"end":{"line":40,"column":1}},"6":{"start":{"line":42,"column":38},"end":{"line":47,"column":1}},"7":{"start":{"line":57,"column":35},"end":{"line":57,"column":43}}},"fnMap":{},"branchMap":{},"s":{"0":15,"1":15,"2":15,"3":15,"4":15,"5":15,"6":15,"7":15},"f":{},"b":{},"_coverageSchema":"1a1c01bbd47fc00a2c39e90264f33305004495a9","hash":"213eb9c788457885bf5cf8c2ded3ac76837dcdfc"}
,"/Users/noxcontest/Documents/Code/DogsApp/src/utils/functions.ts": {"path":"/Users/noxcontest/Documents/Code/DogsApp/src/utils/functions.ts","statementMap":{"0":{"start":{"line":17,"column":24},"end":{"line":45,"column":1}},"1":{"start":{"line":18,"column":2},"end":{"line":44,"column":3}},"2":{"start":{"line":19,"column":4},"end":{"line":19,"column":14}},"3":{"start":{"line":21,"column":15},"end":{"line":21,"column":35}},"4":{"start":{"line":22,"column":17},"end":{"line":22,"column":66}},"5":{"start":{"line":22,"column":45},"end":{"line":22,"column":65}},"6":{"start":{"line":23,"column":16},"end":{"line":23,"column":18}},"7":{"start":{"line":25,"column":4},"end":{"line":41,"column":5}},"8":{"start":{"line":26,"column":6},"end":{"line":40,"column":7}},"9":{"start":{"line":27,"column":8},"end":{"line":27,"column":17}},"10":{"start":{"line":29,"column":8},"end":{"line":39,"column":9}},"11":{"start":{"line":30,"column":10},"end":{"line":30,"column":22}},"12":{"start":{"line":32,"column":18},"end":{"line":34,"column":44}},"13":{"start":{"line":33,"column":32},"end":{"line":33,"column":53}},"14":{"start":{"line":34,"column":32},"end":{"line":34,"column":43}},"15":{"start":{"line":36,"column":20},"end":{"line":36,"column":35}},"16":{"start":{"line":38,"column":10},"end":{"line":38,"column":25}},"17":{"start":{"line":43,"column":4},"end":{"line":43,"column":15}},"18":{"start":{"line":54,"column":31},"end":{"line":78,"column":1}},"19":{"start":{"line":55,"column":15},"end":{"line":55,"column":47}},"20":{"start":{"line":56,"column":19},"end":{"line":59,"column":26}},"21":{"start":{"line":59,"column":17},"end":{"line":59,"column":25}},"22":{"start":{"line":61,"column":2},"end":{"line":77,"column":3}},"23":{"start":{"line":66,"column":19},"end":{"line":66,"column":51}},"24":{"start":{"line":67,"column":21},"end":{"line":67,"column":63}},"25":{"start":{"line":69,"column":4},"end":{"line":69,"column":57}},"26":{"start":{"line":72,"column":16},"end":{"line":74,"column":6}},"27":{"start":{"line":73,"column":6},"end":{"line":73,"column":57}},"28":{"start":{"line":73,"column":34},"end":{"line":73,"column":44}},"29":{"start":{"line":76,"column":4},"end":{"line":76,"column":69}},"30":{"start":{"line":86,"column":26},"end":{"line":93,"column":1}},"31":{"start":{"line":87,"column":2},"end":{"line":87,"column":51}},"32":{"start":{"line":87,"column":41},"end":{"line":87,"column":51}},"33":{"start":{"line":89,"column":20},"end":{"line":89,"column":48}},"34":{"start":{"line":90,"column":14},"end":{"line":90,"column":34}},"35":{"start":{"line":92,"column":2},"end":{"line":92,"column":21}},"36":{"start":{"line":101,"column":24},"end":{"line":117,"column":1}},"37":{"start":{"line":102,"column":2},"end":{"line":102,"column":55}},"38":{"start":{"line":102,"column":45},"end":{"line":102,"column":55}},"39":{"start":{"line":104,"column":20},"end":{"line":104,"column":52}},"40":{"start":{"line":105,"column":14},"end":{"line":105,"column":37}},"41":{"start":{"line":107,"column":2},"end":{"line":109,"column":3}},"42":{"start":{"line":108,"column":4},"end":{"line":108,"column":32}},"43":{"start":{"line":111,"column":19},"end":{"line":111,"column":38}},"44":{"start":{"line":112,"column":2},"end":{"line":116,"column":3}},"45":{"start":{"line":113,"column":4},"end":{"line":113,"column":17}},"46":{"start":{"line":115,"column":4},"end":{"line":115,"column":23}},"47":{"start":{"line":125,"column":20},"end":{"line":153,"column":1}},"48":{"start":{"line":126,"column":2},"end":{"line":152,"column":3}},"49":{"start":{"line":127,"column":15},"end":{"line":127,"column":18}},"50":{"start":{"line":129,"column":4},"end":{"line":137,"column":5}},"51":{"start":{"line":130,"column":18},"end":{"line":132,"column":27}},"52":{"start":{"line":134,"column":18},"end":{"line":134,"column":46}},"53":{"start":{"line":136,"column":6},"end":{"line":136,"column":44}},"54":{"start":{"line":139,"column":25},"end":{"line":144,"column":5}},"55":{"start":{"line":146,"column":4},"end":{"line":148,"column":7}},"56":{"start":{"line":147,"column":6},"end":{"line":147,"column":78}},"57":{"start":{"line":150,"column":4},"end":{"line":150,"column":68}},"58":{"start":{"line":151,"column":4},"end":{"line":151,"column":32}},"59":{"start":{"line":161,"column":26},"end":{"line":228,"column":1}},"60":{"start":{"line":162,"column":2},"end":{"line":227,"column":3}},"61":{"start":{"line":163,"column":4},"end":{"line":163,"column":17}},"62":{"start":{"line":165,"column":16},"end":{"line":165,"column":56}},"63":{"start":{"line":165,"column":52},"end":{"line":165,"column":55}},"64":{"start":{"line":167,"column":16},"end":{"line":167,"column":50}},"65":{"start":{"line":168,"column":15},"end":{"line":168,"column":17}},"66":{"start":{"line":169,"column":22},"end":{"line":169,"column":27}},"67":{"start":{"line":171,"column":4},"end":{"line":226,"column":5}},"68":{"start":{"line":172,"column":6},"end":{"line":221,"column":7}},"69":{"start":{"line":174,"column":10},"end":{"line":174,"column":40}},"70":{"start":{"line":175,"column":10},"end":{"line":175,"column":64}},"71":{"start":{"line":176,"column":10},"end":{"line":176,"column":16}},"72":{"start":{"line":179,"column":10},"end":{"line":179,"column":37}},"73":{"start":{"line":180,"column":10},"end":{"line":180,"column":55}},"74":{"start":{"line":182,"column":10},"end":{"line":188,"column":11}},"75":{"start":{"line":183,"column":12},"end":{"line":183,"column":42}},"76":{"start":{"line":184,"column":12},"end":{"line":184,"column":40}},"77":{"start":{"line":187,"column":12},"end":{"line":187,"column":48}},"78":{"start":{"line":189,"column":10},"end":{"line":189,"column":16}},"79":{"start":{"line":192,"column":10},"end":{"line":194,"column":14}},"80":{"start":{"line":196,"column":10},"end":{"line":201,"column":13}},"81":{"start":{"line":197,"column":12},"end":{"line":200,"column":14}},"82":{"start":{"line":202,"column":10},"end":{"line":202,"column":16}},"83":{"start":{"line":206,"column":10},"end":{"line":206,"column":42}},"84":{"start":{"line":207,"column":10},"end":{"line":207,"column":16}},"85":{"start":{"line":211,"column":10},"end":{"line":211,"column":45}},"86":{"start":{"line":212,"column":10},"end":{"line":212,"column":16}},"87":{"start":{"line":216,"column":10},"end":{"line":216,"column":46}},"88":{"start":{"line":217,"column":10},"end":{"line":217,"column":16}},"89":{"start":{"line":220,"column":10},"end":{"line":220,"column":16}},"90":{"start":{"line":223,"column":6},"end":{"line":223,"column":18}},"91":{"start":{"line":225,"column":6},"end":{"line":225,"column":34}},"92":{"start":{"line":236,"column":29},"end":{"line":242,"column":1}},"93":{"start":{"line":237,"column":2},"end":{"line":241,"column":3}},"94":{"start":{"line":238,"column":4},"end":{"line":238,"column":54}},"95":{"start":{"line":240,"column":4},"end":{"line":240,"column":14}},"96":{"start":{"line":250,"column":24},"end":{"line":265,"column":1}},"97":{"start":{"line":251,"column":2},"end":{"line":264,"column":3}},"98":{"start":{"line":252,"column":4},"end":{"line":252,"column":14}},"99":{"start":{"line":254,"column":18},"end":{"line":254,"column":32}},"100":{"start":{"line":256,"column":4},"end":{"line":263,"column":5}},"101":{"start":{"line":257,"column":6},"end":{"line":257,"column":39}},"102":{"start":{"line":259,"column":16},"end":{"line":259,"column":46}},"103":{"start":{"line":260,"column":16},"end":{"line":260,"column":46}},"104":{"start":{"line":262,"column":6},"end":{"line":262,"column":25}},"105":{"start":{"line":273,"column":31},"end":{"line":305,"column":1}},"106":{"start":{"line":274,"column":15},"end":{"line":274,"column":23}},"107":{"start":{"line":276,"column":15},"end":{"line":276,"column":39}},"108":{"start":{"line":277,"column":19},"end":{"line":279,"column":5}},"109":{"start":{"line":281,"column":2},"end":{"line":304,"column":3}},"110":{"start":{"line":282,"column":26},"end":{"line":282,"column":53}},"111":{"start":{"line":285,"column":4},"end":{"line":300,"column":5}},"112":{"start":{"line":286,"column":18},"end":{"line":289,"column":16}},"113":{"start":{"line":291,"column":6},"end":{"line":297,"column":7}},"114":{"start":{"line":292,"column":8},"end":{"line":292,"column":24}},"115":{"start":{"line":295,"column":8},"end":{"line":295,"column":72}},"116":{"start":{"line":296,"column":8},"end":{"line":296,"column":21}},"117":{"start":{"line":299,"column":6},"end":{"line":299,"column":22}},"118":{"start":{"line":302,"column":4},"end":{"line":302,"column":68}},"119":{"start":{"line":303,"column":4},"end":{"line":303,"column":32}},"120":{"start":{"line":308,"column":25},"end":{"line":308,"column":56}},"121":{"start":{"line":308,"column":31},"end":{"line":308,"column":56}}},"fnMap":{"0":{"name":"(anonymous_0)","decl":{"start":{"line":17,"column":24},"end":{"line":17,"column":25}},"loc":{"start":{"line":17,"column":46},"end":{"line":45,"column":1}},"line":17},"1":{"name":"(anonymous_1)","decl":{"start":{"line":22,"column":40},"end":{"line":22,"column":41}},"loc":{"start":{"line":22,"column":45},"end":{"line":22,"column":65}},"line":22},"2":{"name":"(anonymous_2)","decl":{"start":{"line":33,"column":20},"end":{"line":33,"column":21}},"loc":{"start":{"line":33,"column":32},"end":{"line":33,"column":53}},"line":33},"3":{"name":"(anonymous_3)","decl":{"start":{"line":34,"column":17},"end":{"line":34,"column":18}},"loc":{"start":{"line":34,"column":32},"end":{"line":34,"column":43}},"line":34},"4":{"name":"(anonymous_4)","decl":{"start":{"line":54,"column":31},"end":{"line":54,"column":32}},"loc":{"start":{"line":54,"column":66},"end":{"line":78,"column":1}},"line":54},"5":{"name":"(anonymous_5)","decl":{"start":{"line":59,"column":12},"end":{"line":59,"column":13}},"loc":{"start":{"line":59,"column":17},"end":{"line":59,"column":25}},"line":59},"6":{"name":"(anonymous_6)","decl":{"start":{"line":72,"column":28},"end":{"line":72,"column":29}},"loc":{"start":{"line":72,"column":43},"end":{"line":74,"column":5}},"line":72},"7":{"name":"(anonymous_7)","decl":{"start":{"line":73,"column":29},"end":{"line":73,"column":30}},"loc":{"start":{"line":73,"column":34},"end":{"line":73,"column":44}},"line":73},"8":{"name":"(anonymous_8)","decl":{"start":{"line":86,"column":26},"end":{"line":86,"column":27}},"loc":{"start":{"line":86,"column":41},"end":{"line":93,"column":1}},"line":86},"9":{"name":"(anonymous_9)","decl":{"start":{"line":101,"column":24},"end":{"line":101,"column":25}},"loc":{"start":{"line":101,"column":41},"end":{"line":117,"column":1}},"line":101},"10":{"name":"(anonymous_10)","decl":{"start":{"line":125,"column":20},"end":{"line":125,"column":21}},"loc":{"start":{"line":125,"column":59},"end":{"line":153,"column":1}},"line":125},"11":{"name":"(anonymous_11)","decl":{"start":{"line":146,"column":43},"end":{"line":146,"column":44}},"loc":{"start":{"line":146,"column":50},"end":{"line":148,"column":5}},"line":146},"12":{"name":"(anonymous_12)","decl":{"start":{"line":161,"column":26},"end":{"line":161,"column":27}},"loc":{"start":{"line":161,"column":63},"end":{"line":228,"column":1}},"line":161},"13":{"name":"(anonymous_13)","decl":{"start":{"line":165,"column":47},"end":{"line":165,"column":48}},"loc":{"start":{"line":165,"column":52},"end":{"line":165,"column":55}},"line":165},"14":{"name":"(anonymous_14)","decl":{"start":{"line":196,"column":44},"end":{"line":196,"column":45}},"loc":{"start":{"line":196,"column":51},"end":{"line":201,"column":11}},"line":196},"15":{"name":"(anonymous_15)","decl":{"start":{"line":236,"column":29},"end":{"line":236,"column":30}},"loc":{"start":{"line":236,"column":47},"end":{"line":242,"column":1}},"line":236},"16":{"name":"(anonymous_16)","decl":{"start":{"line":250,"column":24},"end":{"line":250,"column":25}},"loc":{"start":{"line":250,"column":49},"end":{"line":265,"column":1}},"line":250},"17":{"name":"(anonymous_17)","decl":{"start":{"line":273,"column":31},"end":{"line":273,"column":32}},"loc":{"start":{"line":273,"column":76},"end":{"line":305,"column":1}},"line":273},"18":{"name":"(anonymous_18)","decl":{"start":{"line":308,"column":25},"end":{"line":308,"column":26}},"loc":{"start":{"line":308,"column":31},"end":{"line":308,"column":56}},"line":308}},"branchMap":{"0":{"loc":{"start":{"line":18,"column":2},"end":{"line":44,"column":3}},"type":"if","locations":[{"start":{"line":18,"column":2},"end":{"line":44,"column":3}},{"start":{"line":20,"column":9},"end":{"line":44,"column":3}}],"line":18},"1":{"loc":{"start":{"line":26,"column":6},"end":{"line":40,"column":7}},"type":"if","locations":[{"start":{"line":26,"column":6},"end":{"line":40,"column":7}},{"start":{"line":28,"column":13},"end":{"line":40,"column":7}}],"line":26},"2":{"loc":{"start":{"line":29,"column":8},"end":{"line":39,"column":9}},"type":"if","locations":[{"start":{"line":29,"column":8},"end":{"line":39,"column":9}},{"start":{"line":31,"column":15},"end":{"line":39,"column":9}}],"line":29},"3":{"loc":{"start":{"line":61,"column":2},"end":{"line":77,"column":3}},"type":"if","locations":[{"start":{"line":61,"column":2},"end":{"line":77,"column":3}},{"start":{"line":70,"column":9},"end":{"line":77,"column":3}}],"line":61},"4":{"loc":{"start":{"line":62,"column":4},"end":{"line":63,"column":53}},"type":"binary-expr","locations":[{"start":{"line":62,"column":4},"end":{"line":62,"column":43}},{"start":{"line":63,"column":4},"end":{"line":63,"column":53}}],"line":62},"5":{"loc":{"start":{"line":69,"column":11},"end":{"line":69,"column":56}},"type":"cond-expr","locations":[{"start":{"line":69,"column":27},"end":{"line":69,"column":39}},{"start":{"line":69,"column":42},"end":{"line":69,"column":56}}],"line":69},"6":{"loc":{"start":{"line":76,"column":11},"end":{"line":76,"column":68}},"type":"cond-expr","locations":[{"start":{"line":76,"column":30},"end":{"line":76,"column":32}},{"start":{"line":76,"column":35},"end":{"line":76,"column":68}}],"line":76},"7":{"loc":{"start":{"line":76,"column":35},"end":{"line":76,"column":68}},"type":"cond-expr","locations":[{"start":{"line":76,"column":54},"end":{"line":76,"column":60}},{"start":{"line":76,"column":63},"end":{"line":76,"column":68}}],"line":76},"8":{"loc":{"start":{"line":87,"column":2},"end":{"line":87,"column":51}},"type":"if","locations":[{"start":{"line":87,"column":2},"end":{"line":87,"column":51}},{"start":{},"end":{}}],"line":87},"9":{"loc":{"start":{"line":87,"column":6},"end":{"line":87,"column":39}},"type":"binary-expr","locations":[{"start":{"line":87,"column":6},"end":{"line":87,"column":14}},{"start":{"line":87,"column":18},"end":{"line":87,"column":39}}],"line":87},"10":{"loc":{"start":{"line":102,"column":2},"end":{"line":102,"column":55}},"type":"if","locations":[{"start":{"line":102,"column":2},"end":{"line":102,"column":55}},{"start":{},"end":{}}],"line":102},"11":{"loc":{"start":{"line":102,"column":6},"end":{"line":102,"column":43}},"type":"binary-expr","locations":[{"start":{"line":102,"column":6},"end":{"line":102,"column":16}},{"start":{"line":102,"column":20},"end":{"line":102,"column":43}}],"line":102},"12":{"loc":{"start":{"line":107,"column":2},"end":{"line":109,"column":3}},"type":"if","locations":[{"start":{"line":107,"column":2},"end":{"line":109,"column":3}},{"start":{},"end":{}}],"line":107},"13":{"loc":{"start":{"line":112,"column":2},"end":{"line":116,"column":3}},"type":"if","locations":[{"start":{"line":112,"column":2},"end":{"line":116,"column":3}},{"start":{"line":114,"column":9},"end":{"line":116,"column":3}}],"line":112},"14":{"loc":{"start":{"line":129,"column":4},"end":{"line":137,"column":5}},"type":"if","locations":[{"start":{"line":129,"column":4},"end":{"line":137,"column":5}},{"start":{},"end":{}}],"line":129},"15":{"loc":{"start":{"line":162,"column":2},"end":{"line":227,"column":3}},"type":"if","locations":[{"start":{"line":162,"column":2},"end":{"line":227,"column":3}},{"start":{"line":164,"column":9},"end":{"line":227,"column":3}}],"line":162},"16":{"loc":{"start":{"line":162,"column":6},"end":{"line":162,"column":51}},"type":"binary-expr","locations":[{"start":{"line":162,"column":6},"end":{"line":162,"column":10}},{"start":{"line":162,"column":14},"end":{"line":162,"column":24}},{"start":{"line":162,"column":28},"end":{"line":162,"column":51}}],"line":162},"17":{"loc":{"start":{"line":172,"column":6},"end":{"line":221,"column":7}},"type":"switch","locations":[{"start":{"line":173,"column":8},"end":{"line":176,"column":16}},{"start":{"line":178,"column":8},"end":{"line":189,"column":16}},{"start":{"line":191,"column":8},"end":{"line":202,"column":16}},{"start":{"line":204,"column":8},"end":{"line":207,"column":16}},{"start":{"line":209,"column":8},"end":{"line":212,"column":16}},{"start":{"line":214,"column":8},"end":{"line":217,"column":16}},{"start":{"line":219,"column":8},"end":{"line":220,"column":16}}],"line":172},"18":{"loc":{"start":{"line":182,"column":10},"end":{"line":188,"column":11}},"type":"if","locations":[{"start":{"line":182,"column":10},"end":{"line":188,"column":11}},{"start":{"line":185,"column":17},"end":{"line":188,"column":11}}],"line":182},"19":{"loc":{"start":{"line":237,"column":2},"end":{"line":241,"column":3}},"type":"if","locations":[{"start":{"line":237,"column":2},"end":{"line":241,"column":3}},{"start":{"line":239,"column":9},"end":{"line":241,"column":3}}],"line":237},"20":{"loc":{"start":{"line":237,"column":6},"end":{"line":237,"column":53}},"type":"binary-expr","locations":[{"start":{"line":237,"column":6},"end":{"line":237,"column":10}},{"start":{"line":237,"column":14},"end":{"line":237,"column":38}},{"start":{"line":237,"column":42},"end":{"line":237,"column":53}}],"line":237},"21":{"loc":{"start":{"line":251,"column":2},"end":{"line":264,"column":3}},"type":"if","locations":[{"start":{"line":251,"column":2},"end":{"line":264,"column":3}},{"start":{"line":253,"column":9},"end":{"line":264,"column":3}}],"line":251},"22":{"loc":{"start":{"line":251,"column":6},"end":{"line":251,"column":51}},"type":"binary-expr","locations":[{"start":{"line":251,"column":6},"end":{"line":251,"column":10}},{"start":{"line":251,"column":14},"end":{"line":251,"column":24}},{"start":{"line":251,"column":28},"end":{"line":251,"column":51}}],"line":251},"23":{"loc":{"start":{"line":256,"column":4},"end":{"line":263,"column":5}},"type":"if","locations":[{"start":{"line":256,"column":4},"end":{"line":263,"column":5}},{"start":{"line":258,"column":11},"end":{"line":263,"column":5}}],"line":256},"24":{"loc":{"start":{"line":273,"column":38},"end":{"line":273,"column":54}},"type":"default-arg","locations":[{"start":{"line":273,"column":52},"end":{"line":273,"column":54}}],"line":273},"25":{"loc":{"start":{"line":277,"column":22},"end":{"line":277,"column":50}},"type":"cond-expr","locations":[{"start":{"line":277,"column":36},"end":{"line":277,"column":45}},{"start":{"line":277,"column":48},"end":{"line":277,"column":50}}],"line":277},"26":{"loc":{"start":{"line":285,"column":4},"end":{"line":300,"column":5}},"type":"if","locations":[{"start":{"line":285,"column":4},"end":{"line":300,"column":5}},{"start":{"line":298,"column":11},"end":{"line":300,"column":5}}],"line":285},"27":{"loc":{"start":{"line":291,"column":6},"end":{"line":297,"column":7}},"type":"if","locations":[{"start":{"line":291,"column":6},"end":{"line":297,"column":7}},{"start":{"line":293,"column":13},"end":{"line":297,"column":7}}],"line":291}},"s":{"0":9,"1":3,"2":1,"3":2,"4":2,"5":7,"6":2,"7":2,"8":7,"9":2,"10":5,"11":2,"12":3,"13":10,"14":6,"15":3,"16":3,"17":2,"18":9,"19":4,"20":4,"21":6,"22":4,"23":2,"24":2,"25":2,"26":2,"27":10,"28":15,"29":2,"30":9,"31":103,"32":6,"33":97,"34":97,"35":97,"36":9,"37":19,"38":2,"39":17,"40":17,"41":17,"42":3,"43":17,"44":17,"45":1,"46":16,"47":9,"48":5,"49":5,"50":5,"51":2,"52":2,"53":2,"54":5,"55":5,"56":0,"57":0,"58":0,"59":9,"60":12,"61":2,"62":10,"63":10,"64":10,"65":10,"66":10,"67":10,"68":10,"69":1,"70":1,"71":1,"72":2,"73":2,"74":2,"75":1,"76":1,"77":1,"78":2,"79":2,"80":2,"81":1,"82":2,"83":1,"84":1,"85":1,"86":1,"87":2,"88":2,"89":1,"90":10,"91":0,"92":9,"93":5,"94":5,"95":0,"96":9,"97":5,"98":2,"99":3,"100":3,"101":1,"102":2,"103":2,"104":2,"105":9,"106":39,"107":39,"108":39,"109":39,"110":39,"111":39,"112":38,"113":0,"114":0,"115":0,"116":0,"117":1,"118":38,"119":38,"120":9,"121":52},"f":{"0":3,"1":7,"2":10,"3":6,"4":4,"5":6,"6":10,"7":15,"8":103,"9":19,"10":5,"11":0,"12":12,"13":10,"14":1,"15":5,"16":5,"17":39,"18":52},"b":{"0":[1,2],"1":[2,5],"2":[2,3],"3":[2,2],"4":[4,3],"5":[2,0],"6":[2,0],"7":[0,0],"8":[6,97],"9":[103,98],"10":[2,17],"11":[19,18],"12":[3,14],"13":[1,16],"14":[2,3],"15":[2,10],"16":[12,10,10],"17":[1,2,2,1,1,2,1],"18":[1,1],"19":[5,0],"20":[5,5,5],"21":[2,3],"22":[5,4,4],"23":[1,2],"24":[0],"25":[0,39],"26":[38,1],"27":[0,0]},"_coverageSchema":"1a1c01bbd47fc00a2c39e90264f33305004495a9","hash":"c2543718a34e20cbcd50ac019e766465c5221b84"}
,"/Users/noxcontest/Documents/Code/DogsApp/src/utils/tinyUrlHelper.ts": {"path":"/Users/noxcontest/Documents/Code/DogsApp/src/utils/tinyUrlHelper.ts","statementMap":{"0":{"start":{"line":4,"column":17},"end":{"line":4,"column":31}},"1":{"start":{"line":6,"column":0},"end":{"line":6,"column":54}},"2":{"start":{"line":7,"column":0},"end":{"line":7,"column":68}},"3":{"start":{"line":9,"column":29},"end":{"line":29,"column":1}},"4":{"start":{"line":10,"column":17},"end":{"line":10,"column":79}},"5":{"start":{"line":11,"column":16},"end":{"line":11,"column":29}},"6":{"start":{"line":13,"column":2},"end":{"line":28,"column":3}},"7":{"start":{"line":14,"column":4},"end":{"line":14,"column":40}},"8":{"start":{"line":16,"column":4},"end":{"line":16,"column":72}},"9":{"start":{"line":18,"column":19},"end":{"line":25,"column":8}},"10":{"start":{"line":24,"column":8},"end":{"line":24,"column":29}},"11":{"start":{"line":27,"column":4},"end":{"line":27,"column":30}}},"fnMap":{"0":{"name":"(anonymous_0)","decl":{"start":{"line":9,"column":29},"end":{"line":9,"column":30}},"loc":{"start":{"line":9,"column":52},"end":{"line":29,"column":1}},"line":9},"1":{"name":"(anonymous_1)","decl":{"start":{"line":23,"column":13},"end":{"line":23,"column":14}},"loc":{"start":{"line":23,"column":20},"end":{"line":25,"column":7}},"line":23}},"branchMap":{"0":{"loc":{"start":{"line":13,"column":2},"end":{"line":28,"column":3}},"type":"if","locations":[{"start":{"line":13,"column":2},"end":{"line":28,"column":3}},{"start":{"line":15,"column":9},"end":{"line":28,"column":3}}],"line":13},"1":{"loc":{"start":{"line":13,"column":6},"end":{"line":13,"column":37}},"type":"binary-expr","locations":[{"start":{"line":13,"column":6},"end":{"line":13,"column":10}},{"start":{"line":13,"column":14},"end":{"line":13,"column":37}}],"line":13}},"s":{"0":9,"1":9,"2":9,"3":9,"4":10,"5":0,"6":0,"7":0,"8":0,"9":0,"10":0,"11":0},"f":{"0":10,"1":0},"b":{"0":[0,0],"1":[0,0]},"_coverageSchema":"1a1c01bbd47fc00a2c39e90264f33305004495a9","hash":"619a497e7a2f8ea8a04dfbd2547ccc15a763e285"}
,"/Users/noxcontest/Documents/Code/DogsApp/src/utils/types.ts": {"path":"/Users/noxcontest/Documents/Code/DogsApp/src/utils/types.ts","statementMap":{},"fnMap":{},"branchMap":{},"s":{},"f":{},"b":{},"_coverageSchema":"1a1c01bbd47fc00a2c39e90264f33305004495a9","hash":"4add800c957b0a0811c9b0d76dd4d472eccb7c95"}
}
