TN:
SF:src/components/CustomStatusBar.tsx
FN:11,(anonymous_0)
FNF:1
FNH:1
FNDA:3,(anonymous_0)
DA:9,2
DA:11,2
DA:12,3
LF:3
LH:3
BRDA:9,0,0,1
BRDA:9,0,1,1
BRF:2
BRH:2
end_of_record
TN:
SF:src/components/GoBack.tsx
FN:7,(anonymous_0)
FNF:1
FNH:1
FNDA:2,(anonymous_0)
DA:7,1
DA:8,2
DA:10,2
DA:24,1
LF:4
LH:4
BRF:0
BRH:0
end_of_record
TN:
SF:src/components/HighlightedWord.tsx
FN:11,(anonymous_0)
FN:19,(anonymous_1)
FN:24,(anonymous_2)
FNF:3
FNH:3
FNDA:3,(anonymous_0)
FNDA:10,(anonymous_1)
FNDA:8,(anonymous_2)
DA:11,1
DA:17,3
DA:19,10
DA:21,3
DA:25,8
LF:5
LH:5
BRDA:14,0,0,1
BRDA:15,1,0,1
BRDA:25,2,0,4
BRDA:25,2,1,4
BRDA:29,3,0,4
BRDA:29,3,1,2
BRF:6
BRH:6
end_of_record
TN:
SF:src/components/Loading.tsx
FN:16,(anonymous_0)
FNF:1
FNH:1
FNDA:5,(anonymous_0)
DA:16,1
DA:17,5
DA:26,1
LF:3
LH:3
BRDA:16,0,0,3
BRDA:16,1,0,4
BRF:2
BRH:2
end_of_record
TN:
SF:src/components/Notifications.tsx
FN:30,(anonymous_0)
FN:42,(anonymous_1)
FN:65,(anonymous_2)
FN:66,(anonymous_3)
FN:86,(anonymous_4)
FN:99,(anonymous_5)
FNF:6
FNH:6
FNDA:7,(anonymous_0)
FNDA:7,(anonymous_1)
FNDA:7,(anonymous_2)
FNDA:4,(anonymous_3)
FNDA:3,(anonymous_4)
FNDA:1,(anonymous_5)
DA:28,2
DA:30,2
DA:31,7
DA:32,7
DA:33,7
DA:34,7
DA:36,7
DA:37,7
DA:39,7
DA:40,7
DA:42,7
DA:60,7
DA:65,7
DA:67,4
DA:69,4
DA:70,3
DA:72,3
DA:74,3
DA:75,3
DA:76,3
DA:78,3
DA:79,3
DA:81,3
DA:84,4
DA:87,3
DA:89,3
DA:91,3
DA:95,7
DA:99,1
DA:117,2
LF:30
LH:30
BRDA:66,0,0,1
BRDA:69,1,0,3
BRDA:69,1,1,1
BRDA:69,2,0,4
BRDA:69,2,1,1
BRF:5
BRH:5
end_of_record
TN:
SF:src/components/bottomSheets/ShareToBottomSheet.tsx
FN:76,(anonymous_0)
FN:77,(anonymous_1)
FN:86,(anonymous_2)
FN:101,(anonymous_3)
FN:102,(anonymous_4)
FN:104,(anonymous_5)
FN:108,(anonymous_6)
FN:128,(anonymous_7)
FN:134,(anonymous_8)
FN:138,(anonymous_9)
FN:151,(anonymous_10)
FN:152,(anonymous_11)
FN:157,(anonymous_12)
FN:175,(anonymous_13)
FNF:14
FNH:13
FNDA:6,(anonymous_0)
FNDA:1,(anonymous_1)
FNDA:1,(anonymous_2)
FNDA:36,(anonymous_3)
FNDA:30,(anonymous_4)
FNDA:36,(anonymous_5)
FNDA:1,(anonymous_6)
FNDA:6,(anonymous_7)
FNDA:12,(anonymous_8)
FNDA:12,(anonymous_9)
FNDA:6,(anonymous_10)
FNDA:2,(anonymous_11)
FNDA:2,(anonymous_12)
FNDA:0,(anonymous_13)
DA:23,2
DA:24,2
DA:25,2
DA:76,2
DA:77,6
DA:78,1
DA:81,6
DA:86,1
DA:101,36
DA:102,30
DA:105,36
DA:108,1
DA:128,2
DA:129,6
DA:130,6
DA:132,6
DA:134,12
DA:138,12
DA:151,6
DA:153,2
DA:154,2
DA:156,2
DA:157,2
DA:161,6
DA:175,0
DA:185,2
LF:26
LH:25
BRDA:115,0,0,36
BRDA:115,0,1,0
BRDA:153,1,0,2
BRDA:153,1,1,0
BRDA:170,2,0,2
BRDA:170,2,1,4
BRF:6
BRH:4
end_of_record
TN:
SF:src/components/buttons/DefaultButton.tsx
FN:18,(anonymous_0)
FNF:1
FNH:1
FNDA:7,(anonymous_0)
DA:18,2
DA:19,7
DA:37,2
LF:3
LH:3
BRDA:28,0,0,1
BRDA:28,0,1,6
BRDA:29,1,0,7
BRDA:29,1,1,3
BRF:4
BRH:4
end_of_record
TN:
SF:src/components/buttons/FakeInputButton.tsx
FN:9,(anonymous_0)
FN:10,(anonymous_1)
FNF:2
FNH:2
FNDA:3,(anonymous_0)
FNDA:2,(anonymous_1)
DA:9,1
DA:10,3
DA:11,2
DA:12,1
DA:14,1
DA:18,3
DA:27,1
LF:7
LH:7
BRDA:11,0,0,1
BRDA:11,0,1,1
BRDA:11,1,0,2
BRDA:11,1,1,1
BRF:4
BRH:4
end_of_record
TN:
SF:src/components/buttons/ShareButton.tsx
FN:10,(anonymous_0)
FN:11,(anonymous_1)
FNF:2
FNH:2
FNDA:3,(anonymous_0)
FNDA:2,(anonymous_1)
DA:10,1
DA:11,3
DA:12,2
DA:13,1
DA:17,3
LF:5
LH:5
BRDA:12,0,0,1
BRDA:12,0,1,1
BRDA:12,1,0,2
BRDA:12,1,1,1
BRF:4
BRH:4
end_of_record
TN:
SF:src/components/inputs/SearchInput.tsx
FN:16,(anonymous_0)
FNF:1
FNH:1
FNDA:3,(anonymous_0)
DA:14,1
DA:16,1
DA:23,3
DA:25,3
DA:61,1
LF:5
LH:5
BRDA:17,0,0,2
BRDA:23,1,0,3
BRDA:23,1,1,3
BRDA:34,2,0,2
BRDA:34,2,1,1
BRDA:38,3,0,1
BRDA:38,3,1,1
BRDA:42,4,0,1
BRDA:42,4,1,1
BRF:9
BRH:9
end_of_record
TN:
SF:src/components/lists/EmptyList.tsx
FN:11,(anonymous_0)
FNF:1
FNH:1
FNDA:1,(anonymous_0)
DA:11,1
DA:12,1
DA:29,1
LF:3
LH:3
BRDA:14,0,0,1
BRDA:14,0,1,1
BRDA:15,1,0,1
BRDA:15,1,1,1
BRDA:21,2,0,1
BRDA:21,2,1,1
BRF:6
BRH:6
end_of_record
TN:
SF:src/components/lists/ListItem.tsx
FN:26,(anonymous_0)
FN:30,(anonymous_1)
FN:39,(anonymous_2)
FN:53,(anonymous_3)
FN:55,(anonymous_4)
FN:64,(anonymous_5)
FN:67,(anonymous_6)
FN:73,(anonymous_7)
FNF:8
FNH:5
FNDA:0,(anonymous_0)
FNDA:6,(anonymous_1)
FNDA:15,(anonymous_2)
FNDA:0,(anonymous_3)
FNDA:1,(anonymous_4)
FNDA:5,(anonymous_5)
FNDA:0,(anonymous_6)
FNDA:4,(anonymous_7)
DA:24,1
DA:26,1
DA:27,0
DA:30,1
DA:31,6
DA:32,6
DA:33,6
DA:35,6
DA:37,6
DA:39,6
DA:40,15
DA:45,15
DA:50,15
DA:53,6
DA:55,6
DA:56,1
DA:61,1
DA:64,6
DA:65,5
DA:67,5
DA:68,0
DA:69,0
DA:73,5
DA:74,4
DA:78,6
DA:119,1
LF:26
LH:23
BRDA:27,0,0,0
BRDA:27,0,1,0
BRDA:50,1,0,0
BRDA:50,1,1,15
BRDA:68,2,0,0
BRDA:68,2,1,0
BRDA:78,3,0,1
BRDA:78,3,1,5
BRDA:78,4,0,6
BRDA:78,4,1,5
BRDA:85,5,0,4
BRDA:85,5,1,1
BRDA:103,6,0,0
BRDA:103,6,1,5
BRF:14
BRH:8
end_of_record
TN:
SF:src/redux/rootSelector.ts
FN:3,(anonymous_0)
FNF:1
FNH:0
FNDA:0,(anonymous_0)
DA:3,1
LF:1
LH:1
BRF:0
BRH:0
end_of_record
TN:
SF:src/redux/actions/listActions.ts
FN:3,(anonymous_0)
FN:13,(anonymous_1)
FN:18,(anonymous_2)
FN:23,(anonymous_3)
FNF:4
FNH:0
FNDA:0,(anonymous_0)
FNDA:0,(anonymous_1)
FNDA:0,(anonymous_2)
FNDA:0,(anonymous_3)
DA:3,1
DA:8,0
DA:13,1
DA:18,1
DA:23,1
LF:5
LH:4
BRDA:7,0,0,0
BRF:1
BRH:0
end_of_record
TN:
SF:src/redux/types/listTypes.ts
FNF:0
FNH:0
LF:0
LH:0
BRF:0
BRH:0
end_of_record
TN:
SF:src/utils/constants.ts
FNF:0
FNH:0
DA:4,9
DA:15,9
DA:24,9
DA:26,9
DA:28,9
DA:32,9
DA:40,9
LF:7
LH:7
BRF:0
BRH:0
end_of_record
TN:
SF:src/utils/functions.ts
FN:15,(anonymous_0)
FN:20,(anonymous_1)
FN:31,(anonymous_2)
FN:32,(anonymous_3)
FN:52,(anonymous_4)
FN:57,(anonymous_5)
FN:70,(anonymous_6)
FN:71,(anonymous_7)
FN:84,(anonymous_8)
FN:99,(anonymous_9)
FN:123,(anonymous_10)
FN:163,(anonymous_11)
FN:238,(anonymous_12)
FN:250,(anonymous_13)
FN:273,(anonymous_14)
FN:308,(anonymous_15)
FNF:16
FNH:16
FNDA:3,(anonymous_0)
FNDA:7,(anonymous_1)
FNDA:10,(anonymous_2)
FNDA:6,(anonymous_3)
FNDA:4,(anonymous_4)
FNDA:6,(anonymous_5)
FNDA:10,(anonymous_6)
FNDA:15,(anonymous_7)
FNDA:3,(anonymous_8)
FNDA:6,(anonymous_9)
FNDA:5,(anonymous_10)
FNDA:11,(anonymous_11)
FNDA:3,(anonymous_12)
FNDA:4,(anonymous_13)
FNDA:7,(anonymous_14)
FNDA:7,(anonymous_15)
DA:15,4
DA:16,3
DA:17,1
DA:19,2
DA:20,7
DA:21,2
DA:23,2
DA:24,7
DA:25,2
DA:27,5
DA:28,2
DA:30,3
DA:31,10
DA:32,6
DA:34,3
DA:36,3
DA:41,2
DA:52,4
DA:53,4
DA:54,4
DA:57,6
DA:59,4
DA:64,2
DA:65,2
DA:67,2
DA:70,2
DA:71,15
DA:74,2
DA:84,4
DA:85,3
DA:87,1
DA:88,1
DA:90,1
DA:99,4
DA:100,6
DA:102,4
DA:103,4
DA:105,4
DA:106,1
DA:109,4
DA:110,4
DA:111,1
DA:113,3
DA:123,4
DA:124,5
DA:125,5
DA:127,5
DA:128,5
DA:132,5
DA:134,5
DA:137,5
DA:144,5
DA:146,4
DA:147,3
DA:149,1
DA:152,1
DA:153,1
DA:163,4
DA:164,11
DA:165,2
DA:167,9
DA:168,9
DA:169,9
DA:171,9
DA:172,9
DA:174,1
DA:175,1
DA:176,1
DA:179,1
DA:180,1
DA:182,1
DA:183,1
DA:184,1
DA:186,0
DA:191,1
DA:194,1
DA:197,1
DA:199,1
DA:200,1
DA:202,0
DA:207,1
DA:210,1
DA:211,1
DA:214,1
DA:215,1
DA:218,3
DA:219,2
DA:222,1
DA:225,8
DA:227,1
DA:238,4
DA:239,3
DA:240,3
DA:250,4
DA:251,4
DA:252,2
DA:254,2
DA:256,2
DA:257,1
DA:259,1
DA:260,1
DA:262,1
DA:273,4
DA:274,7
DA:276,7
DA:277,7
DA:281,7
DA:282,7
DA:285,7
DA:286,6
DA:291,0
DA:292,0
DA:295,0
DA:296,0
DA:299,1
DA:302,6
DA:303,6
DA:308,7
LF:118
LH:112
BRDA:16,0,0,1
BRDA:16,0,1,2
BRDA:24,1,0,2
BRDA:24,1,1,5
BRDA:27,2,0,2
BRDA:27,2,1,3
BRDA:59,3,0,2
BRDA:59,3,1,2
BRDA:60,4,0,4
BRDA:60,4,1,3
BRDA:67,5,0,2
BRDA:67,5,1,0
BRDA:74,6,0,2
BRDA:74,6,1,0
BRDA:74,7,0,0
BRDA:74,7,1,0
BRDA:85,8,0,2
BRDA:85,8,1,1
BRDA:85,9,0,3
BRDA:85,9,1,2
BRDA:100,10,0,2
BRDA:100,10,1,4
BRDA:100,11,0,6
BRDA:100,11,1,5
BRDA:105,12,0,1
BRDA:105,12,1,3
BRDA:110,13,0,1
BRDA:110,13,1,3
BRDA:127,14,0,5
BRDA:127,14,1,0
BRDA:146,15,0,3
BRDA:146,15,1,1
BRDA:164,16,0,2
BRDA:164,16,1,9
BRDA:164,17,0,11
BRDA:164,17,1,9
BRDA:164,17,2,9
BRDA:172,18,0,1
BRDA:172,18,1,1
BRDA:172,18,2,1
BRDA:172,18,3,1
BRDA:172,18,4,1
BRDA:172,18,5,3
BRDA:172,18,6,1
BRDA:182,19,0,1
BRDA:182,19,1,0
BRDA:199,20,0,1
BRDA:199,20,1,0
BRDA:239,21,0,3
BRDA:239,21,1,0
BRDA:239,22,0,3
BRDA:239,22,1,3
BRDA:239,22,2,3
BRDA:251,23,0,2
BRDA:251,23,1,2
BRDA:251,24,0,4
BRDA:251,24,1,3
BRDA:251,24,2,3
BRDA:256,25,0,1
BRDA:256,25,1,1
BRDA:273,26,0,1
BRDA:277,27,0,0
BRDA:277,27,1,7
BRDA:285,28,0,6
BRDA:285,28,1,1
BRDA:291,29,0,0
BRDA:291,29,1,0
BRF:67
BRH:56
end_of_record
TN:
SF:src/utils/types.ts
FNF:0
FNH:0
LF:0
LH:0
BRF:0
BRH:0
end_of_record
