TN:
SF:src/components/bottomSheets/ShareToBottomSheet.tsx
FN:76,(anonymous_0)
FN:80,(anonymous_1)
FN:86,(anonymous_2)
FN:90,(anonymous_3)
FN:103,(anonymous_4)
FN:104,(anonymous_5)
FN:109,(anonymous_6)
FN:115,(anonymous_7)
FN:120,(anonymous_8)
FN:135,(anonymous_9)
FN:136,(anonymous_10)
FN:138,(anonymous_11)
FN:142,(anonymous_12)
FN:175,(anonymous_13)
FNF:14
FNH:13
FNDA:5,(anonymous_0)
FNDA:1,(anonymous_1)
FNDA:8,(anonymous_2)
FNDA:8,(anonymous_3)
FNDA:5,(anonymous_4)
FNDA:1,(anonymous_5)
FNDA:1,(anonymous_6)
FNDA:5,(anonymous_7)
FNDA:1,(anonymous_8)
FNDA:30,(anonymous_9)
FNDA:25,(anonymous_10)
FNDA:30,(anonymous_11)
FNDA:1,(anonymous_12)
FNDA:0,(anonymous_13)
DA:23,1
DA:24,1
DA:25,1
DA:76,1
DA:77,5
DA:78,5
DA:80,5
DA:81,1
DA:84,5
DA:86,8
DA:90,8
DA:103,5
DA:105,1
DA:106,1
DA:108,1
DA:109,1
DA:111,1
DA:115,5
DA:116,5
DA:120,1
DA:135,30
DA:136,25
DA:139,30
DA:142,1
DA:161,5
DA:175,0
DA:185,1
LF:27
LH:26
BRDA:105,0,0,1
BRDA:105,0,1,0
BRDA:149,1,0,30
BRDA:149,1,1,0
BRDA:170,2,0,1
BRDA:170,2,1,4
BRF:6
BRH:4
end_of_record
TN:
SF:src/utils/constants.ts
FNF:0
FNH:0
DA:4,1
DA:15,1
DA:24,1
DA:26,1
DA:28,1
DA:32,1
DA:40,1
LF:7
LH:7
BRF:0
BRH:0
end_of_record
TN:
SF:src/utils/functions.ts
FN:15,(anonymous_0)
FN:21,(anonymous_1)
FN:39,(anonymous_2)
FN:52,(anonymous_3)
FN:53,(anonymous_4)
FN:66,(anonymous_5)
FN:79,(anonymous_6)
FN:100,(anonymous_7)
FN:140,(anonymous_8)
FN:216,(anonymous_9)
FN:228,(anonymous_10)
FN:251,(anonymous_11)
FN:284,(anonymous_12)
FNF:13
FNH:1
FNDA:0,(anonymous_0)
FNDA:0,(anonymous_1)
FNDA:0,(anonymous_2)
FNDA:0,(anonymous_3)
FNDA:0,(anonymous_4)
FNDA:0,(anonymous_5)
FNDA:0,(anonymous_6)
FNDA:0,(anonymous_7)
FNDA:1,(anonymous_8)
FNDA:0,(anonymous_9)
FNDA:0,(anonymous_10)
FNDA:0,(anonymous_11)
FNDA:0,(anonymous_12)
DA:15,1
DA:16,0
DA:17,0
DA:19,0
DA:20,0
DA:21,0
DA:23,0
DA:25,0
DA:29,0
DA:39,1
DA:40,0
DA:41,0
DA:43,0
DA:47,0
DA:48,0
DA:50,0
DA:52,0
DA:53,0
DA:56,0
DA:66,1
DA:67,0
DA:68,0
DA:70,0
DA:79,1
DA:80,0
DA:81,0
DA:83,0
DA:84,0
DA:87,0
DA:88,0
DA:90,0
DA:100,1
DA:101,0
DA:102,0
DA:104,0
DA:105,0
DA:109,0
DA:111,0
DA:114,0
DA:121,0
DA:123,0
DA:124,0
DA:126,0
DA:129,0
DA:130,0
DA:140,1
DA:141,1
DA:142,1
DA:144,0
DA:145,0
DA:146,0
DA:148,0
DA:149,0
DA:151,0
DA:152,0
DA:153,0
DA:156,0
DA:157,0
DA:159,0
DA:160,0
DA:161,0
DA:163,0
DA:168,0
DA:171,0
DA:173,0
DA:176,0
DA:179,0
DA:181,0
DA:182,0
DA:184,0
DA:189,0
DA:192,0
DA:194,0
DA:197,0
DA:199,0
DA:202,0
DA:205,0
DA:216,1
DA:217,0
DA:218,0
DA:228,1
DA:229,0
DA:230,0
DA:232,0
DA:234,0
DA:235,0
DA:237,0
DA:238,0
DA:240,0
DA:251,1
DA:252,0
DA:254,0
DA:255,0
DA:259,0
DA:260,0
DA:263,0
DA:264,0
DA:269,0
DA:270,0
DA:273,0
DA:276,0
DA:279,0
DA:284,1
LF:103
LH:12
BRDA:20,0,0,0
BRDA:20,0,1,0
BRDA:43,1,0,0
BRDA:43,1,1,0
BRDA:44,2,0,0
BRDA:44,2,1,0
BRDA:50,3,0,0
BRDA:50,3,1,0
BRDA:56,4,0,0
BRDA:56,4,1,0
BRDA:56,5,0,0
BRDA:56,5,1,0
BRDA:83,6,0,0
BRDA:83,6,1,0
BRDA:87,7,0,0
BRDA:87,7,1,0
BRDA:104,8,0,0
BRDA:104,8,1,0
BRDA:123,9,0,0
BRDA:123,9,1,0
BRDA:141,10,0,1
BRDA:141,10,1,0
BRDA:141,11,0,1
BRDA:141,11,1,1
BRDA:149,12,0,0
BRDA:149,12,1,0
BRDA:149,12,2,0
BRDA:149,12,3,0
BRDA:149,12,4,0
BRDA:149,12,5,0
BRDA:149,12,6,0
BRDA:159,13,0,0
BRDA:159,13,1,0
BRDA:181,14,0,0
BRDA:181,14,1,0
BRDA:217,15,0,0
BRDA:217,15,1,0
BRDA:217,16,0,0
BRDA:217,16,1,0
BRDA:229,17,0,0
BRDA:229,17,1,0
BRDA:234,18,0,0
BRDA:234,18,1,0
BRDA:251,19,0,0
BRDA:256,20,0,0
BRDA:256,20,1,0
BRDA:263,21,0,0
BRDA:263,21,1,0
BRDA:269,22,0,0
BRDA:269,22,1,0
BRF:50
BRH:3
end_of_record
